{"D:\\Cmd\\Transformer\\Transformer-transaction signature\\src\\address.js":{"path":"D:\\Cmd\\Transformer\\Transformer-transaction signature\\src\\address.js","statementMap":{"0":{"start":{"line":2,"column":0},"end":{"line":2,"column":62}},"1":{"start":{"line":3,"column":0},"end":{"line":3,"column":149}},"2":{"start":{"line":4,"column":17},"end":{"line":4,"column":38}},"3":{"start":{"line":5,"column":17},"end":{"line":5,"column":38}},"4":{"start":{"line":6,"column":16},"end":{"line":6,"column":35}},"5":{"start":{"line":7,"column":14},"end":{"line":7,"column":32}},"6":{"start":{"line":8,"column":17},"end":{"line":8,"column":34}},"7":{"start":{"line":9,"column":18},"end":{"line":9,"column":38}},"8":{"start":{"line":10,"column":22},"end":{"line":10,"column":27}},"9":{"start":{"line":11,"column":31},"end":{"line":11,"column":33}},"10":{"start":{"line":12,"column":31},"end":{"line":12,"column":32}},"11":{"start":{"line":13,"column":34},"end":{"line":13,"column":36}},"12":{"start":{"line":14,"column":34},"end":{"line":14,"column":35}},"13":{"start":{"line":15,"column":35},"end":{"line":15,"column":39}},"14":{"start":{"line":17,"column":2},"end":{"line":20,"column":63}},"15":{"start":{"line":22,"column":15},"end":{"line":22,"column":30}},"16":{"start":{"line":23,"column":2},"end":{"line":27,"column":69}},"17":{"start":{"line":27,"column":4},"end":{"line":27,"column":69}},"18":{"start":{"line":28,"column":18},"end":{"line":28,"column":56}},"19":{"start":{"line":29,"column":2},"end":{"line":33,"column":62}},"20":{"start":{"line":33,"column":4},"end":{"line":33,"column":62}},"21":{"start":{"line":34,"column":2},"end":{"line":35,"column":61}},"22":{"start":{"line":35,"column":4},"end":{"line":35,"column":61}},"23":{"start":{"line":36,"column":2},"end":{"line":36,"column":46}},"24":{"start":{"line":37,"column":2},"end":{"line":37,"column":49}},"25":{"start":{"line":40,"column":18},"end":{"line":40,"column":43}},"26":{"start":{"line":42,"column":2},"end":{"line":42,"column":74}},"27":{"start":{"line":42,"column":27},"end":{"line":42,"column":74}},"28":{"start":{"line":43,"column":2},"end":{"line":43,"column":73}},"29":{"start":{"line":43,"column":27},"end":{"line":43,"column":73}},"30":{"start":{"line":44,"column":18},"end":{"line":44,"column":38}},"31":{"start":{"line":45,"column":15},"end":{"line":45,"column":31}},"32":{"start":{"line":46,"column":2},"end":{"line":46,"column":27}},"33":{"start":{"line":48,"column":0},"end":{"line":48,"column":42}},"34":{"start":{"line":52,"column":2},"end":{"line":54,"column":16}},"35":{"start":{"line":53,"column":4},"end":{"line":53,"column":45}},"36":{"start":{"line":55,"column":2},"end":{"line":62,"column":3}},"37":{"start":{"line":56,"column":4},"end":{"line":56,"column":30}},"38":{"start":{"line":57,"column":4},"end":{"line":57,"column":77}},"39":{"start":{"line":57,"column":23},"end":{"line":57,"column":77}},"40":{"start":{"line":59,"column":4},"end":{"line":59,"column":46}},"41":{"start":{"line":60,"column":4},"end":{"line":60,"column":30}},"42":{"start":{"line":61,"column":4},"end":{"line":61,"column":77}},"43":{"start":{"line":61,"column":23},"end":{"line":61,"column":77}},"44":{"start":{"line":63,"column":15},"end":{"line":63,"column":63}},"45":{"start":{"line":64,"column":2},"end":{"line":68,"column":4}},"46":{"start":{"line":70,"column":0},"end":{"line":70,"column":32}},"47":{"start":{"line":72,"column":2},"end":{"line":72,"column":67}},"48":{"start":{"line":73,"column":18},"end":{"line":73,"column":40}},"49":{"start":{"line":74,"column":2},"end":{"line":74,"column":33}},"50":{"start":{"line":75,"column":2},"end":{"line":75,"column":24}},"51":{"start":{"line":76,"column":2},"end":{"line":76,"column":35}},"52":{"start":{"line":78,"column":0},"end":{"line":78,"column":38}},"53":{"start":{"line":80,"column":16},"end":{"line":80,"column":45}},"54":{"start":{"line":81,"column":2},"end":{"line":81,"column":25}},"55":{"start":{"line":82,"column":2},"end":{"line":84,"column":45}},"56":{"start":{"line":86,"column":0},"end":{"line":86,"column":28}},"57":{"start":{"line":89,"column":2},"end":{"line":89,"column":40}},"58":{"start":{"line":90,"column":2},"end":{"line":92,"column":16}},"59":{"start":{"line":91,"column":4},"end":{"line":91,"column":55}},"60":{"start":{"line":93,"column":2},"end":{"line":95,"column":16}},"61":{"start":{"line":94,"column":4},"end":{"line":94,"column":54}},"62":{"start":{"line":96,"column":2},"end":{"line":98,"column":16}},"63":{"start":{"line":97,"column":4},"end":{"line":97,"column":56}},"64":{"start":{"line":99,"column":2},"end":{"line":101,"column":16}},"65":{"start":{"line":100,"column":4},"end":{"line":100,"column":55}},"66":{"start":{"line":102,"column":2},"end":{"line":104,"column":16}},"67":{"start":{"line":103,"column":4},"end":{"line":103,"column":51}},"68":{"start":{"line":105,"column":2},"end":{"line":105,"column":70}},"69":{"start":{"line":107,"column":0},"end":{"line":107,"column":44}},"70":{"start":{"line":109,"column":2},"end":{"line":109,"column":40}},"71":{"start":{"line":112,"column":2},"end":{"line":114,"column":16}},"72":{"start":{"line":113,"column":4},"end":{"line":113,"column":44}},"73":{"start":{"line":115,"column":2},"end":{"line":145,"column":3}},"74":{"start":{"line":116,"column":4},"end":{"line":117,"column":64}},"75":{"start":{"line":117,"column":6},"end":{"line":117,"column":64}},"76":{"start":{"line":118,"column":4},"end":{"line":119,"column":63}},"77":{"start":{"line":119,"column":6},"end":{"line":119,"column":63}},"78":{"start":{"line":121,"column":4},"end":{"line":123,"column":18}},"79":{"start":{"line":122,"column":6},"end":{"line":122,"column":41}},"80":{"start":{"line":124,"column":4},"end":{"line":144,"column":5}},"81":{"start":{"line":125,"column":6},"end":{"line":126,"column":60}},"82":{"start":{"line":126,"column":8},"end":{"line":126,"column":60}},"83":{"start":{"line":127,"column":6},"end":{"line":143,"column":7}},"84":{"start":{"line":128,"column":8},"end":{"line":129,"column":69}},"85":{"start":{"line":129,"column":10},"end":{"line":129,"column":69}},"86":{"start":{"line":130,"column":8},"end":{"line":131,"column":68}},"87":{"start":{"line":131,"column":10},"end":{"line":131,"column":68}},"88":{"start":{"line":132,"column":13},"end":{"line":143,"column":7}},"89":{"start":{"line":138,"column":8},"end":{"line":138,"column":52}},"90":{"start":{"line":139,"column":8},"end":{"line":142,"column":11}},"91":{"start":{"line":146,"column":2},"end":{"line":146,"column":55}},"92":{"start":{"line":148,"column":0},"end":{"line":148,"column":40}}},"fnMap":{"0":{"name":"_toFutureSegwitAddress","decl":{"start":{"line":21,"column":9},"end":{"line":21,"column":31}},"loc":{"start":{"line":21,"column":49},"end":{"line":38,"column":1}},"line":21},"1":{"name":"fromBase58Check","decl":{"start":{"line":39,"column":9},"end":{"line":39,"column":24}},"loc":{"start":{"line":39,"column":34},"end":{"line":47,"column":1}},"line":39},"2":{"name":"fromBech32","decl":{"start":{"line":49,"column":9},"end":{"line":49,"column":19}},"loc":{"start":{"line":49,"column":29},"end":{"line":69,"column":1}},"line":49},"3":{"name":"toBase58Check","decl":{"start":{"line":71,"column":9},"end":{"line":71,"column":22}},"loc":{"start":{"line":71,"column":38},"end":{"line":77,"column":1}},"line":71},"4":{"name":"toBech32","decl":{"start":{"line":79,"column":9},"end":{"line":79,"column":17}},"loc":{"start":{"line":79,"column":41},"end":{"line":85,"column":1}},"line":79},"5":{"name":"fromOutputScript","decl":{"start":{"line":87,"column":9},"end":{"line":87,"column":25}},"loc":{"start":{"line":87,"column":43},"end":{"line":106,"column":1}},"line":87},"6":{"name":"toOutputScript","decl":{"start":{"line":108,"column":9},"end":{"line":108,"column":23}},"loc":{"start":{"line":108,"column":42},"end":{"line":147,"column":1}},"line":108}},"branchMap":{"0":{"loc":{"start":{"line":23,"column":2},"end":{"line":27,"column":69}},"type":"if","locations":[{"start":{"line":23,"column":2},"end":{"line":27,"column":69}},{"start":{"line":23,"column":2},"end":{"line":27,"column":69}}],"line":23},"1":{"loc":{"start":{"line":24,"column":4},"end":{"line":25,"column":40}},"type":"binary-expr","locations":[{"start":{"line":24,"column":4},"end":{"line":24,"column":40}},{"start":{"line":25,"column":4},"end":{"line":25,"column":40}}],"line":24},"2":{"loc":{"start":{"line":29,"column":2},"end":{"line":33,"column":62}},"type":"if","locations":[{"start":{"line":29,"column":2},"end":{"line":33,"column":62}},{"start":{"line":29,"column":2},"end":{"line":33,"column":62}}],"line":29},"3":{"loc":{"start":{"line":30,"column":4},"end":{"line":31,"column":39}},"type":"binary-expr","locations":[{"start":{"line":30,"column":4},"end":{"line":30,"column":39}},{"start":{"line":31,"column":4},"end":{"line":31,"column":39}}],"line":30},"4":{"loc":{"start":{"line":34,"column":2},"end":{"line":35,"column":61}},"type":"if","locations":[{"start":{"line":34,"column":2},"end":{"line":35,"column":61}},{"start":{"line":34,"column":2},"end":{"line":35,"column":61}}],"line":34},"5":{"loc":{"start":{"line":42,"column":2},"end":{"line":42,"column":74}},"type":"if","locations":[{"start":{"line":42,"column":2},"end":{"line":42,"column":74}},{"start":{"line":42,"column":2},"end":{"line":42,"column":74}}],"line":42},"6":{"loc":{"start":{"line":43,"column":2},"end":{"line":43,"column":73}},"type":"if","locations":[{"start":{"line":43,"column":2},"end":{"line":43,"column":73}},{"start":{"line":43,"column":2},"end":{"line":43,"column":73}}],"line":43},"7":{"loc":{"start":{"line":55,"column":2},"end":{"line":62,"column":3}},"type":"if","locations":[{"start":{"line":55,"column":2},"end":{"line":62,"column":3}},{"start":{"line":55,"column":2},"end":{"line":62,"column":3}}],"line":55},"8":{"loc":{"start":{"line":57,"column":4},"end":{"line":57,"column":77}},"type":"if","locations":[{"start":{"line":57,"column":4},"end":{"line":57,"column":77}},{"start":{"line":57,"column":4},"end":{"line":57,"column":77}}],"line":57},"9":{"loc":{"start":{"line":61,"column":4},"end":{"line":61,"column":77}},"type":"if","locations":[{"start":{"line":61,"column":4},"end":{"line":61,"column":77}},{"start":{"line":61,"column":4},"end":{"line":61,"column":77}}],"line":61},"10":{"loc":{"start":{"line":82,"column":9},"end":{"line":84,"column":44}},"type":"cond-expr","locations":[{"start":{"line":83,"column":6},"end":{"line":83,"column":43}},{"start":{"line":84,"column":6},"end":{"line":84,"column":44}}],"line":82},"11":{"loc":{"start":{"line":89,"column":12},"end":{"line":89,"column":39}},"type":"binary-expr","locations":[{"start":{"line":89,"column":12},"end":{"line":89,"column":19}},{"start":{"line":89,"column":23},"end":{"line":89,"column":39}}],"line":89},"12":{"loc":{"start":{"line":109,"column":12},"end":{"line":109,"column":39}},"type":"binary-expr","locations":[{"start":{"line":109,"column":12},"end":{"line":109,"column":19}},{"start":{"line":109,"column":23},"end":{"line":109,"column":39}}],"line":109},"13":{"loc":{"start":{"line":115,"column":2},"end":{"line":145,"column":3}},"type":"if","locations":[{"start":{"line":115,"column":2},"end":{"line":145,"column":3}},{"start":{"line":115,"column":2},"end":{"line":145,"column":3}}],"line":115},"14":{"loc":{"start":{"line":116,"column":4},"end":{"line":117,"column":64}},"type":"if","locations":[{"start":{"line":116,"column":4},"end":{"line":117,"column":64}},{"start":{"line":116,"column":4},"end":{"line":117,"column":64}}],"line":116},"15":{"loc":{"start":{"line":118,"column":4},"end":{"line":119,"column":63}},"type":"if","locations":[{"start":{"line":118,"column":4},"end":{"line":119,"column":63}},{"start":{"line":118,"column":4},"end":{"line":119,"column":63}}],"line":118},"16":{"loc":{"start":{"line":124,"column":4},"end":{"line":144,"column":5}},"type":"if","locations":[{"start":{"line":124,"column":4},"end":{"line":144,"column":5}},{"start":{"line":124,"column":4},"end":{"line":144,"column":5}}],"line":124},"17":{"loc":{"start":{"line":125,"column":6},"end":{"line":126,"column":60}},"type":"if","locations":[{"start":{"line":125,"column":6},"end":{"line":126,"column":60}},{"start":{"line":125,"column":6},"end":{"line":126,"column":60}}],"line":125},"18":{"loc":{"start":{"line":127,"column":6},"end":{"line":143,"column":7}},"type":"if","locations":[{"start":{"line":127,"column":6},"end":{"line":143,"column":7}},{"start":{"line":127,"column":6},"end":{"line":143,"column":7}}],"line":127},"19":{"loc":{"start":{"line":128,"column":8},"end":{"line":129,"column":69}},"type":"if","locations":[{"start":{"line":128,"column":8},"end":{"line":129,"column":69}},{"start":{"line":128,"column":8},"end":{"line":129,"column":69}}],"line":128},"20":{"loc":{"start":{"line":130,"column":8},"end":{"line":131,"column":68}},"type":"if","locations":[{"start":{"line":130,"column":8},"end":{"line":131,"column":68}},{"start":{"line":130,"column":8},"end":{"line":131,"column":68}}],"line":130},"21":{"loc":{"start":{"line":132,"column":13},"end":{"line":143,"column":7}},"type":"if","locations":[{"start":{"line":132,"column":13},"end":{"line":143,"column":7}},{"start":{"line":132,"column":13},"end":{"line":143,"column":7}}],"line":132},"22":{"loc":{"start":{"line":133,"column":8},"end":{"line":136,"column":58}},"type":"binary-expr","locations":[{"start":{"line":133,"column":8},"end":{"line":133,"column":57}},{"start":{"line":134,"column":8},"end":{"line":134,"column":57}},{"start":{"line":135,"column":8},"end":{"line":135,"column":58}},{"start":{"line":136,"column":8},"end":{"line":136,"column":58}}],"line":133}},"s":{"0":1,"1":1,"2":1,"3":1,"4":1,"5":1,"6":1,"7":1,"8":1,"9":1,"10":1,"11":1,"12":1,"13":1,"14":1,"15":10,"16":10,"17":3,"18":7,"19":7,"20":2,"21":5,"22":0,"23":5,"24":5,"25":102,"26":61,"27":1,"28":60,"29":34,"30":26,"31":26,"32":26,"33":1,"34":48,"35":48,"36":48,"37":22,"38":22,"39":9,"40":26,"41":21,"42":21,"43":2,"44":32,"45":27,"46":1,"47":32,"48":32,"49":32,"50":32,"51":32,"52":1,"53":8,"54":8,"55":8,"56":1,"57":22,"58":22,"59":22,"60":18,"61":18,"62":15,"63":15,"64":14,"65":14,"66":10,"67":10,"68":5,"69":1,"70":44,"71":44,"72":44,"73":44,"74":13,"75":9,"76":4,"77":3,"78":31,"79":31,"80":31,"81":17,"82":2,"83":15,"84":7,"85":1,"86":6,"87":4,"88":8,"89":5,"90":5,"91":20,"92":1},"f":{"0":10,"1":102,"2":48,"3":32,"4":8,"5":22,"6":44},"b":{"0":[3,7],"1":[10,9],"2":[2,5],"3":[7,6],"4":[0,5],"5":[1,60],"6":[34,26],"7":[22,26],"8":[9,13],"9":[2,19],"10":[0,8],"11":[22,5],"12":[44,18],"13":[13,31],"14":[9,4],"15":[3,1],"16":[17,14],"17":[2,15],"18":[7,8],"19":[1,6],"20":[4,2],"21":[5,3],"22":[8,8,7,6]},"_coverageSchema":"1a1c01bbd47fc00a2c39e90264f33305004495a9","hash":"cad141f971e18447b16c8fb677db4976978260f7","contentHash":"af8ba609a1917b596ccfaddedcc57102b963f6b2c5b9c9f454c7ee39d650b80c"},"D:\\Cmd\\Transformer\\Transformer-transaction signature\\src\\networks.js":{"path":"D:\\Cmd\\Transformer\\Transformer-transaction signature\\src\\networks.js","statementMap":{"0":{"start":{"line":2,"column":0},"end":{"line":2,"column":62}},"1":{"start":{"line":3,"column":0},"end":{"line":3,"column":61}},"2":{"start":{"line":4,"column":0},"end":{"line":14,"column":2}},"3":{"start":{"line":15,"column":0},"end":{"line":25,"column":2}},"4":{"start":{"line":26,"column":0},"end":{"line":36,"column":2}}},"fnMap":{},"branchMap":{},"s":{"0":1,"1":1,"2":1,"3":1,"4":1},"f":{},"b":{},"_coverageSchema":"1a1c01bbd47fc00a2c39e90264f33305004495a9","hash":"7541fbf7cdb53cec0db8a9fe628021a3cc28ccb5","contentHash":"6b446b185be259b2f2882753a7366be0b3a4d83bcef5015fe682be6fdaabfebc"},"D:\\Cmd\\Transformer\\Transformer-transaction signature\\src\\payments\\index.js":{"path":"D:\\Cmd\\Transformer\\Transformer-transaction signature\\src\\payments\\index.js","statementMap":{"0":{"start":{"line":2,"column":0},"end":{"line":2,"column":62}},"1":{"start":{"line":3,"column":0},"end":{"line":3,"column":117}},"2":{"start":{"line":4,"column":16},"end":{"line":4,"column":34}},"3":{"start":{"line":5,"column":0},"end":{"line":10,"column":3}},"4":{"start":{"line":8,"column":4},"end":{"line":8,"column":26}},"5":{"start":{"line":11,"column":15},"end":{"line":11,"column":32}},"6":{"start":{"line":12,"column":0},"end":{"line":17,"column":3}},"7":{"start":{"line":15,"column":4},"end":{"line":15,"column":23}},"8":{"start":{"line":18,"column":15},"end":{"line":18,"column":32}},"9":{"start":{"line":19,"column":0},"end":{"line":24,"column":3}},"10":{"start":{"line":22,"column":4},"end":{"line":22,"column":23}},"11":{"start":{"line":25,"column":16},"end":{"line":25,"column":34}},"12":{"start":{"line":26,"column":0},"end":{"line":31,"column":3}},"13":{"start":{"line":29,"column":4},"end":{"line":29,"column":25}},"14":{"start":{"line":32,"column":15},"end":{"line":32,"column":32}},"15":{"start":{"line":33,"column":0},"end":{"line":38,"column":3}},"16":{"start":{"line":36,"column":4},"end":{"line":36,"column":23}},"17":{"start":{"line":39,"column":17},"end":{"line":39,"column":36}},"18":{"start":{"line":40,"column":0},"end":{"line":45,"column":3}},"19":{"start":{"line":43,"column":4},"end":{"line":43,"column":27}},"20":{"start":{"line":46,"column":16},"end":{"line":46,"column":34}},"21":{"start":{"line":47,"column":0},"end":{"line":52,"column":3}},"22":{"start":{"line":50,"column":4},"end":{"line":50,"column":25}}},"fnMap":{"0":{"name":"(anonymous_0)","decl":{"start":{"line":7,"column":7},"end":{"line":7,"column":8}},"loc":{"start":{"line":7,"column":18},"end":{"line":9,"column":3}},"line":7},"1":{"name":"(anonymous_1)","decl":{"start":{"line":14,"column":7},"end":{"line":14,"column":8}},"loc":{"start":{"line":14,"column":18},"end":{"line":16,"column":3}},"line":14},"2":{"name":"(anonymous_2)","decl":{"start":{"line":21,"column":7},"end":{"line":21,"column":8}},"loc":{"start":{"line":21,"column":18},"end":{"line":23,"column":3}},"line":21},"3":{"name":"(anonymous_3)","decl":{"start":{"line":28,"column":7},"end":{"line":28,"column":8}},"loc":{"start":{"line":28,"column":18},"end":{"line":30,"column":3}},"line":28},"4":{"name":"(anonymous_4)","decl":{"start":{"line":35,"column":7},"end":{"line":35,"column":8}},"loc":{"start":{"line":35,"column":18},"end":{"line":37,"column":3}},"line":35},"5":{"name":"(anonymous_5)","decl":{"start":{"line":42,"column":7},"end":{"line":42,"column":8}},"loc":{"start":{"line":42,"column":18},"end":{"line":44,"column":3}},"line":42},"6":{"name":"(anonymous_6)","decl":{"start":{"line":49,"column":7},"end":{"line":49,"column":8}},"loc":{"start":{"line":49,"column":18},"end":{"line":51,"column":3}},"line":49}},"branchMap":{},"s":{"0":1,"1":1,"2":1,"3":1,"4":0,"5":1,"6":1,"7":16,"8":1,"9":1,"10":4,"11":1,"12":1,"13":54,"14":1,"15":1,"16":37,"17":1,"18":1,"19":23,"20":1,"21":1,"22":35},"f":{"0":0,"1":16,"2":4,"3":54,"4":37,"5":23,"6":35},"b":{},"_coverageSchema":"1a1c01bbd47fc00a2c39e90264f33305004495a9","hash":"af1fd57cc27e017fd4e34beef8171cbb42ef7eba","contentHash":"f8c37a9a4fcf6dc8bcb13d065e8a69d43be099e850d7d5cc300a248514a84618"},"D:\\Cmd\\Transformer\\Transformer-transaction signature\\src\\payments\\embed.js":{"path":"D:\\Cmd\\Transformer\\Transformer-transaction signature\\src\\payments\\embed.js","statementMap":{"0":{"start":{"line":2,"column":0},"end":{"line":2,"column":62}},"1":{"start":{"line":3,"column":0},"end":{"line":3,"column":24}},"2":{"start":{"line":4,"column":19},"end":{"line":4,"column":41}},"3":{"start":{"line":5,"column":16},"end":{"line":5,"column":36}},"4":{"start":{"line":6,"column":16},"end":{"line":6,"column":35}},"5":{"start":{"line":7,"column":13},"end":{"line":7,"column":30}},"6":{"start":{"line":8,"column":12},"end":{"line":8,"column":23}},"7":{"start":{"line":10,"column":2},"end":{"line":10,"column":42}},"8":{"start":{"line":10,"column":29},"end":{"line":10,"column":42}},"9":{"start":{"line":11,"column":2},"end":{"line":13,"column":5}},"10":{"start":{"line":12,"column":4},"end":{"line":12,"column":26}},"11":{"start":{"line":17,"column":2},"end":{"line":17,"column":67}},"12":{"start":{"line":17,"column":28},"end":{"line":17,"column":67}},"13":{"start":{"line":18,"column":2},"end":{"line":18,"column":55}},"14":{"start":{"line":19,"column":2},"end":{"line":28,"column":4}},"15":{"start":{"line":29,"column":18},"end":{"line":29,"column":49}},"16":{"start":{"line":30,"column":12},"end":{"line":30,"column":38}},"17":{"start":{"line":31,"column":2},"end":{"line":34,"column":5}},"18":{"start":{"line":32,"column":4},"end":{"line":32,"column":24}},"19":{"start":{"line":32,"column":17},"end":{"line":32,"column":24}},"20":{"start":{"line":33,"column":4},"end":{"line":33,"column":59}},"21":{"start":{"line":35,"column":2},"end":{"line":38,"column":5}},"22":{"start":{"line":36,"column":4},"end":{"line":36,"column":26}},"23":{"start":{"line":36,"column":19},"end":{"line":36,"column":26}},"24":{"start":{"line":37,"column":4},"end":{"line":37,"column":48}},"25":{"start":{"line":40,"column":2},"end":{"line":49,"column":3}},"26":{"start":{"line":41,"column":4},"end":{"line":48,"column":5}},"27":{"start":{"line":42,"column":21},"end":{"line":42,"column":48}},"28":{"start":{"line":43,"column":6},"end":{"line":43,"column":80}},"29":{"start":{"line":43,"column":39},"end":{"line":43,"column":80}},"30":{"start":{"line":44,"column":6},"end":{"line":45,"column":49}},"31":{"start":{"line":45,"column":8},"end":{"line":45,"column":49}},"32":{"start":{"line":46,"column":6},"end":{"line":47,"column":45}},"33":{"start":{"line":47,"column":8},"end":{"line":47,"column":45}},"34":{"start":{"line":50,"column":2},"end":{"line":50,"column":29}},"35":{"start":{"line":52,"column":0},"end":{"line":52,"column":24}}},"fnMap":{"0":{"name":"stacksEqual","decl":{"start":{"line":9,"column":9},"end":{"line":9,"column":20}},"loc":{"start":{"line":9,"column":27},"end":{"line":14,"column":1}},"line":9},"1":{"name":"(anonymous_1)","decl":{"start":{"line":11,"column":17},"end":{"line":11,"column":18}},"loc":{"start":{"line":11,"column":27},"end":{"line":13,"column":3}},"line":11},"2":{"name":"p2data","decl":{"start":{"line":16,"column":9},"end":{"line":16,"column":15}},"loc":{"start":{"line":16,"column":25},"end":{"line":51,"column":1}},"line":16},"3":{"name":"(anonymous_3)","decl":{"start":{"line":31,"column":25},"end":{"line":31,"column":26}},"loc":{"start":{"line":31,"column":31},"end":{"line":34,"column":3}},"line":31},"4":{"name":"(anonymous_4)","decl":{"start":{"line":35,"column":23},"end":{"line":35,"column":24}},"loc":{"start":{"line":35,"column":29},"end":{"line":38,"column":3}},"line":35}},"branchMap":{"0":{"loc":{"start":{"line":10,"column":2},"end":{"line":10,"column":42}},"type":"if","locations":[{"start":{"line":10,"column":2},"end":{"line":10,"column":42}},{"start":{"line":10,"column":2},"end":{"line":10,"column":42}}],"line":10},"1":{"loc":{"start":{"line":17,"column":2},"end":{"line":17,"column":67}},"type":"if","locations":[{"start":{"line":17,"column":2},"end":{"line":17,"column":67}},{"start":{"line":17,"column":2},"end":{"line":17,"column":67}}],"line":17},"2":{"loc":{"start":{"line":17,"column":6},"end":{"line":17,"column":26}},"type":"binary-expr","locations":[{"start":{"line":17,"column":6},"end":{"line":17,"column":13}},{"start":{"line":17,"column":17},"end":{"line":17,"column":26}}],"line":17},"3":{"loc":{"start":{"line":18,"column":43},"end":{"line":18,"column":53}},"type":"binary-expr","locations":[{"start":{"line":18,"column":43},"end":{"line":18,"column":47}},{"start":{"line":18,"column":51},"end":{"line":18,"column":53}}],"line":18},"4":{"loc":{"start":{"line":29,"column":18},"end":{"line":29,"column":49}},"type":"binary-expr","locations":[{"start":{"line":29,"column":18},"end":{"line":29,"column":27}},{"start":{"line":29,"column":31},"end":{"line":29,"column":49}}],"line":29},"5":{"loc":{"start":{"line":32,"column":4},"end":{"line":32,"column":24}},"type":"if","locations":[{"start":{"line":32,"column":4},"end":{"line":32,"column":24}},{"start":{"line":32,"column":4},"end":{"line":32,"column":24}}],"line":32},"6":{"loc":{"start":{"line":36,"column":4},"end":{"line":36,"column":26}},"type":"if","locations":[{"start":{"line":36,"column":4},"end":{"line":36,"column":26}},{"start":{"line":36,"column":4},"end":{"line":36,"column":26}}],"line":36},"7":{"loc":{"start":{"line":40,"column":2},"end":{"line":49,"column":3}},"type":"if","locations":[{"start":{"line":40,"column":2},"end":{"line":49,"column":3}},{"start":{"line":40,"column":2},"end":{"line":49,"column":3}}],"line":40},"8":{"loc":{"start":{"line":41,"column":4},"end":{"line":48,"column":5}},"type":"if","locations":[{"start":{"line":41,"column":4},"end":{"line":48,"column":5}},{"start":{"line":41,"column":4},"end":{"line":48,"column":5}}],"line":41},"9":{"loc":{"start":{"line":43,"column":6},"end":{"line":43,"column":80}},"type":"if","locations":[{"start":{"line":43,"column":6},"end":{"line":43,"column":80}},{"start":{"line":43,"column":6},"end":{"line":43,"column":80}}],"line":43},"10":{"loc":{"start":{"line":44,"column":6},"end":{"line":45,"column":49}},"type":"if","locations":[{"start":{"line":44,"column":6},"end":{"line":45,"column":49}},{"start":{"line":44,"column":6},"end":{"line":45,"column":49}}],"line":44},"11":{"loc":{"start":{"line":46,"column":6},"end":{"line":47,"column":45}},"type":"if","locations":[{"start":{"line":46,"column":6},"end":{"line":47,"column":45}},{"start":{"line":46,"column":6},"end":{"line":47,"column":45}}],"line":46},"12":{"loc":{"start":{"line":46,"column":10},"end":{"line":46,"column":48}},"type":"binary-expr","locations":[{"start":{"line":46,"column":10},"end":{"line":46,"column":16}},{"start":{"line":46,"column":20},"end":{"line":46,"column":48}}],"line":46}},"s":{"0":1,"1":1,"2":1,"3":1,"4":1,"5":1,"6":1,"7":2,"8":1,"9":1,"10":1,"11":17,"12":1,"13":16,"14":16,"15":16,"16":16,"17":16,"18":4,"19":0,"20":4,"21":16,"22":6,"23":0,"24":6,"25":16,"26":14,"27":9,"28":9,"29":1,"30":8,"31":1,"32":7,"33":2,"34":12,"35":1},"f":{"0":2,"1":1,"2":17,"3":4,"4":6},"b":{"0":[1,1],"1":[1,16],"2":[17,9],"3":[16,9],"4":[16,16],"5":[0,4],"6":[0,6],"7":[14,2],"8":[9,5],"9":[1,8],"10":[1,7],"11":[2,5],"12":[7,2]},"_coverageSchema":"1a1c01bbd47fc00a2c39e90264f33305004495a9","hash":"72940925c15b61bae722c1e7e7e521f5b572a515","contentHash":"0101274a901fc284881fe66a8c04598c8d39b3341a0e82ad2bef8e716e9958a2"},"D:\\Cmd\\Transformer\\Transformer-transaction signature\\src\\script.js":{"path":"D:\\Cmd\\Transformer\\Transformer-transaction signature\\src\\script.js","statementMap":{"0":{"start":{"line":2,"column":0},"end":{"line":2,"column":62}},"1":{"start":{"line":3,"column":0},"end":{"line":3,"column":262}},"2":{"start":{"line":4,"column":14},"end":{"line":4,"column":32}},"3":{"start":{"line":5,"column":14},"end":{"line":5,"column":30}},"4":{"start":{"line":6,"column":0},"end":{"line":11,"column":3}},"5":{"start":{"line":9,"column":4},"end":{"line":9,"column":21}},"6":{"start":{"line":12,"column":17},"end":{"line":12,"column":39}},"7":{"start":{"line":13,"column":21},"end":{"line":13,"column":47}},"8":{"start":{"line":14,"column":24},"end":{"line":14,"column":53}},"9":{"start":{"line":15,"column":14},"end":{"line":15,"column":32}},"10":{"start":{"line":16,"column":22},"end":{"line":16,"column":27}},"11":{"start":{"line":17,"column":20},"end":{"line":17,"column":41}},"12":{"start":{"line":19,"column":2},"end":{"line":24,"column":4}},"13":{"start":{"line":27,"column":2},"end":{"line":27,"column":47}},"14":{"start":{"line":30,"column":2},"end":{"line":30,"column":60}},"15":{"start":{"line":32,"column":0},"end":{"line":32,"column":32}},"16":{"start":{"line":34,"column":2},"end":{"line":34,"column":49}},"17":{"start":{"line":34,"column":27},"end":{"line":34,"column":49}},"18":{"start":{"line":35,"column":2},"end":{"line":35,"column":34}},"19":{"start":{"line":35,"column":27},"end":{"line":35,"column":34}},"20":{"start":{"line":36,"column":2},"end":{"line":36,"column":72}},"21":{"start":{"line":36,"column":41},"end":{"line":36,"column":72}},"22":{"start":{"line":37,"column":2},"end":{"line":37,"column":54}},"23":{"start":{"line":37,"column":26},"end":{"line":37,"column":54}},"24":{"start":{"line":40,"column":2},"end":{"line":40,"column":30}},"25":{"start":{"line":43,"column":2},"end":{"line":43,"column":26}},"26":{"start":{"line":46,"column":2},"end":{"line":46,"column":30}},"27":{"start":{"line":50,"column":2},"end":{"line":50,"column":44}},"28":{"start":{"line":50,"column":30},"end":{"line":50,"column":44}},"29":{"start":{"line":51,"column":2},"end":{"line":51,"column":33}},"30":{"start":{"line":52,"column":21},"end":{"line":63,"column":9}},"31":{"start":{"line":54,"column":4},"end":{"line":60,"column":5}},"32":{"start":{"line":56,"column":6},"end":{"line":58,"column":7}},"33":{"start":{"line":57,"column":8},"end":{"line":57,"column":25}},"34":{"start":{"line":59,"column":6},"end":{"line":59,"column":74}},"35":{"start":{"line":62,"column":4},"end":{"line":62,"column":21}},"36":{"start":{"line":64,"column":17},"end":{"line":64,"column":47}},"37":{"start":{"line":65,"column":15},"end":{"line":65,"column":16}},"38":{"start":{"line":66,"column":2},"end":{"line":84,"column":5}},"39":{"start":{"line":68,"column":4},"end":{"line":83,"column":5}},"40":{"start":{"line":70,"column":21},"end":{"line":70,"column":39}},"41":{"start":{"line":71,"column":6},"end":{"line":75,"column":7}},"42":{"start":{"line":72,"column":8},"end":{"line":72,"column":42}},"43":{"start":{"line":73,"column":8},"end":{"line":73,"column":20}},"44":{"start":{"line":74,"column":8},"end":{"line":74,"column":15}},"45":{"start":{"line":76,"column":6},"end":{"line":76,"column":62}},"46":{"start":{"line":77,"column":6},"end":{"line":77,"column":33}},"47":{"start":{"line":78,"column":6},"end":{"line":78,"column":29}},"48":{"start":{"line":81,"column":6},"end":{"line":81,"column":39}},"49":{"start":{"line":82,"column":6},"end":{"line":82,"column":18}},"50":{"start":{"line":85,"column":2},"end":{"line":85,"column":75}},"51":{"start":{"line":85,"column":32},"end":{"line":85,"column":75}},"52":{"start":{"line":86,"column":2},"end":{"line":86,"column":16}},"53":{"start":{"line":88,"column":0},"end":{"line":88,"column":26}},"54":{"start":{"line":91,"column":2},"end":{"line":91,"column":43}},"55":{"start":{"line":91,"column":29},"end":{"line":91,"column":43}},"56":{"start":{"line":92,"column":2},"end":{"line":92,"column":34}},"57":{"start":{"line":93,"column":17},"end":{"line":93,"column":19}},"58":{"start":{"line":94,"column":10},"end":{"line":94,"column":11}},"59":{"start":{"line":95,"column":2},"end":{"line":119,"column":3}},"60":{"start":{"line":96,"column":19},"end":{"line":96,"column":28}},"61":{"start":{"line":98,"column":4},"end":{"line":118,"column":5}},"62":{"start":{"line":99,"column":16},"end":{"line":99,"column":42}},"63":{"start":{"line":101,"column":6},"end":{"line":101,"column":34}},"64":{"start":{"line":101,"column":22},"end":{"line":101,"column":34}},"65":{"start":{"line":102,"column":6},"end":{"line":102,"column":18}},"66":{"start":{"line":104,"column":6},"end":{"line":104,"column":52}},"67":{"start":{"line":104,"column":40},"end":{"line":104,"column":52}},"68":{"start":{"line":105,"column":19},"end":{"line":105,"column":48}},"69":{"start":{"line":106,"column":6},"end":{"line":106,"column":20}},"70":{"start":{"line":108,"column":17},"end":{"line":108,"column":34}},"71":{"start":{"line":109,"column":6},"end":{"line":113,"column":7}},"72":{"start":{"line":110,"column":8},"end":{"line":110,"column":24}},"73":{"start":{"line":112,"column":8},"end":{"line":112,"column":26}},"74":{"start":{"line":116,"column":6},"end":{"line":116,"column":26}},"75":{"start":{"line":117,"column":6},"end":{"line":117,"column":13}},"76":{"start":{"line":120,"column":2},"end":{"line":120,"column":16}},"77":{"start":{"line":122,"column":0},"end":{"line":122,"column":30}},"78":{"start":{"line":124,"column":2},"end":{"line":126,"column":3}},"79":{"start":{"line":125,"column":4},"end":{"line":125,"column":31}},"80":{"start":{"line":127,"column":2},"end":{"line":138,"column":15}},"81":{"start":{"line":130,"column":6},"end":{"line":134,"column":7}},"82":{"start":{"line":131,"column":19},"end":{"line":131,"column":37}},"83":{"start":{"line":132,"column":8},"end":{"line":132,"column":59}},"84":{"start":{"line":132,"column":30},"end":{"line":132,"column":59}},"85":{"start":{"line":133,"column":8},"end":{"line":133,"column":19}},"86":{"start":{"line":136,"column":6},"end":{"line":136,"column":38}},"87":{"start":{"line":140,"column":0},"end":{"line":140,"column":22}},"88":{"start":{"line":142,"column":2},"end":{"line":142,"column":31}},"89":{"start":{"line":143,"column":2},"end":{"line":151,"column":4}},"90":{"start":{"line":146,"column":6},"end":{"line":146,"column":72}},"91":{"start":{"line":146,"column":45},"end":{"line":146,"column":72}},"92":{"start":{"line":147,"column":6},"end":{"line":147,"column":37}},"93":{"start":{"line":149,"column":6},"end":{"line":149,"column":42}},"94":{"start":{"line":153,"column":0},"end":{"line":153,"column":26}},"95":{"start":{"line":155,"column":2},"end":{"line":155,"column":29}},"96":{"start":{"line":156,"column":2},"end":{"line":156,"column":32}},"97":{"start":{"line":157,"column":2},"end":{"line":161,"column":5}},"98":{"start":{"line":158,"column":4},"end":{"line":158,"column":43}},"99":{"start":{"line":158,"column":33},"end":{"line":158,"column":43}},"100":{"start":{"line":159,"column":4},"end":{"line":159,"column":60}},"101":{"start":{"line":159,"column":31},"end":{"line":159,"column":60}},"102":{"start":{"line":160,"column":4},"end":{"line":160,"column":49}},"103":{"start":{"line":163,"column":0},"end":{"line":163,"column":26}},"104":{"start":{"line":165,"column":2},"end":{"line":165,"column":31}},"105":{"start":{"line":167,"column":0},"end":{"line":167,"column":46}},"106":{"start":{"line":169,"column":22},"end":{"line":169,"column":38}},"107":{"start":{"line":171,"column":2},"end":{"line":171,"column":50}},"108":{"start":{"line":173,"column":0},"end":{"line":173,"column":46}},"109":{"start":{"line":175,"column":2},"end":{"line":175,"column":45}},"110":{"start":{"line":175,"column":32},"end":{"line":175,"column":45}},"111":{"start":{"line":176,"column":2},"end":{"line":176,"column":66}},"112":{"start":{"line":176,"column":53},"end":{"line":176,"column":66}},"113":{"start":{"line":177,"column":2},"end":{"line":177,"column":42}},"114":{"start":{"line":179,"column":0},"end":{"line":179,"column":64}},"115":{"start":{"line":181,"column":0},"end":{"line":181,"column":30}},"116":{"start":{"line":182,"column":0},"end":{"line":182,"column":36}}},"fnMap":{"0":{"name":"(anonymous_0)","decl":{"start":{"line":8,"column":7},"end":{"line":8,"column":8}},"loc":{"start":{"line":8,"column":18},"end":{"line":10,"column":3}},"line":8},"1":{"name":"isOPInt","decl":{"start":{"line":18,"column":9},"end":{"line":18,"column":16}},"loc":{"start":{"line":18,"column":24},"end":{"line":25,"column":1}},"line":18},"2":{"name":"isPushOnlyChunk","decl":{"start":{"line":26,"column":9},"end":{"line":26,"column":24}},"loc":{"start":{"line":26,"column":32},"end":{"line":28,"column":1}},"line":26},"3":{"name":"isPushOnly","decl":{"start":{"line":29,"column":9},"end":{"line":29,"column":19}},"loc":{"start":{"line":29,"column":27},"end":{"line":31,"column":1}},"line":29},"4":{"name":"asMinimalOP","decl":{"start":{"line":33,"column":9},"end":{"line":33,"column":20}},"loc":{"start":{"line":33,"column":29},"end":{"line":38,"column":1}},"line":33},"5":{"name":"chunksIsBuffer","decl":{"start":{"line":39,"column":9},"end":{"line":39,"column":23}},"loc":{"start":{"line":39,"column":29},"end":{"line":41,"column":1}},"line":39},"6":{"name":"chunksIsArray","decl":{"start":{"line":42,"column":9},"end":{"line":42,"column":22}},"loc":{"start":{"line":42,"column":28},"end":{"line":44,"column":1}},"line":42},"7":{"name":"singleChunkIsBuffer","decl":{"start":{"line":45,"column":9},"end":{"line":45,"column":28}},"loc":{"start":{"line":45,"column":34},"end":{"line":47,"column":1}},"line":45},"8":{"name":"compile","decl":{"start":{"line":48,"column":9},"end":{"line":48,"column":16}},"loc":{"start":{"line":48,"column":25},"end":{"line":87,"column":1}},"line":48},"9":{"name":"(anonymous_9)","decl":{"start":{"line":52,"column":35},"end":{"line":52,"column":36}},"loc":{"start":{"line":52,"column":53},"end":{"line":63,"column":3}},"line":52},"10":{"name":"(anonymous_10)","decl":{"start":{"line":66,"column":17},"end":{"line":66,"column":18}},"loc":{"start":{"line":66,"column":26},"end":{"line":84,"column":3}},"line":66},"11":{"name":"decompile","decl":{"start":{"line":89,"column":9},"end":{"line":89,"column":18}},"loc":{"start":{"line":89,"column":27},"end":{"line":121,"column":1}},"line":89},"12":{"name":"toASM","decl":{"start":{"line":123,"column":9},"end":{"line":123,"column":14}},"loc":{"start":{"line":123,"column":23},"end":{"line":139,"column":1}},"line":123},"13":{"name":"(anonymous_13)","decl":{"start":{"line":128,"column":9},"end":{"line":128,"column":10}},"loc":{"start":{"line":128,"column":18},"end":{"line":137,"column":5}},"line":128},"14":{"name":"fromASM","decl":{"start":{"line":141,"column":9},"end":{"line":141,"column":16}},"loc":{"start":{"line":141,"column":22},"end":{"line":152,"column":1}},"line":141},"15":{"name":"(anonymous_15)","decl":{"start":{"line":144,"column":23},"end":{"line":144,"column":24}},"loc":{"start":{"line":144,"column":35},"end":{"line":150,"column":5}},"line":144},"16":{"name":"toStack","decl":{"start":{"line":154,"column":9},"end":{"line":154,"column":16}},"loc":{"start":{"line":154,"column":25},"end":{"line":162,"column":1}},"line":154},"17":{"name":"(anonymous_17)","decl":{"start":{"line":157,"column":20},"end":{"line":157,"column":21}},"loc":{"start":{"line":157,"column":26},"end":{"line":161,"column":3}},"line":157},"18":{"name":"isCanonicalPubKey","decl":{"start":{"line":164,"column":9},"end":{"line":164,"column":26}},"loc":{"start":{"line":164,"column":35},"end":{"line":166,"column":1}},"line":164},"19":{"name":"isDefinedHashType","decl":{"start":{"line":168,"column":9},"end":{"line":168,"column":26}},"loc":{"start":{"line":168,"column":37},"end":{"line":172,"column":1}},"line":168},"20":{"name":"isCanonicalScriptSignature","decl":{"start":{"line":174,"column":9},"end":{"line":174,"column":35}},"loc":{"start":{"line":174,"column":44},"end":{"line":178,"column":1}},"line":174}},"branchMap":{"0":{"loc":{"start":{"line":20,"column":4},"end":{"line":23,"column":37}},"type":"binary-expr","locations":[{"start":{"line":20,"column":4},"end":{"line":20,"column":23}},{"start":{"line":21,"column":5},"end":{"line":21,"column":29}},{"start":{"line":22,"column":7},"end":{"line":22,"column":30}},{"start":{"line":22,"column":34},"end":{"line":22,"column":58}},{"start":{"line":23,"column":6},"end":{"line":23,"column":36}}],"line":20},"1":{"loc":{"start":{"line":27,"column":9},"end":{"line":27,"column":46}},"type":"binary-expr","locations":[{"start":{"line":27,"column":9},"end":{"line":27,"column":28}},{"start":{"line":27,"column":32},"end":{"line":27,"column":46}}],"line":27},"2":{"loc":{"start":{"line":30,"column":9},"end":{"line":30,"column":59}},"type":"binary-expr","locations":[{"start":{"line":30,"column":9},"end":{"line":30,"column":27}},{"start":{"line":30,"column":31},"end":{"line":30,"column":59}}],"line":30},"3":{"loc":{"start":{"line":34,"column":2},"end":{"line":34,"column":49}},"type":"if","locations":[{"start":{"line":34,"column":2},"end":{"line":34,"column":49}},{"start":{"line":34,"column":2},"end":{"line":34,"column":49}}],"line":34},"4":{"loc":{"start":{"line":35,"column":2},"end":{"line":35,"column":34}},"type":"if","locations":[{"start":{"line":35,"column":2},"end":{"line":35,"column":34}},{"start":{"line":35,"column":2},"end":{"line":35,"column":34}}],"line":35},"5":{"loc":{"start":{"line":36,"column":2},"end":{"line":36,"column":72}},"type":"if","locations":[{"start":{"line":36,"column":2},"end":{"line":36,"column":72}},{"start":{"line":36,"column":2},"end":{"line":36,"column":72}}],"line":36},"6":{"loc":{"start":{"line":36,"column":6},"end":{"line":36,"column":39}},"type":"binary-expr","locations":[{"start":{"line":36,"column":6},"end":{"line":36,"column":20}},{"start":{"line":36,"column":24},"end":{"line":36,"column":39}}],"line":36},"7":{"loc":{"start":{"line":37,"column":2},"end":{"line":37,"column":54}},"type":"if","locations":[{"start":{"line":37,"column":2},"end":{"line":37,"column":54}},{"start":{"line":37,"column":2},"end":{"line":37,"column":54}}],"line":37},"8":{"loc":{"start":{"line":50,"column":2},"end":{"line":50,"column":44}},"type":"if","locations":[{"start":{"line":50,"column":2},"end":{"line":50,"column":44}},{"start":{"line":50,"column":2},"end":{"line":50,"column":44}}],"line":50},"9":{"loc":{"start":{"line":54,"column":4},"end":{"line":60,"column":5}},"type":"if","locations":[{"start":{"line":54,"column":4},"end":{"line":60,"column":5}},{"start":{"line":54,"column":4},"end":{"line":60,"column":5}}],"line":54},"10":{"loc":{"start":{"line":56,"column":6},"end":{"line":58,"column":7}},"type":"if","locations":[{"start":{"line":56,"column":6},"end":{"line":58,"column":7}},{"start":{"line":56,"column":6},"end":{"line":58,"column":7}}],"line":56},"11":{"loc":{"start":{"line":56,"column":10},"end":{"line":56,"column":64}},"type":"binary-expr","locations":[{"start":{"line":56,"column":10},"end":{"line":56,"column":28}},{"start":{"line":56,"column":32},"end":{"line":56,"column":64}}],"line":56},"12":{"loc":{"start":{"line":68,"column":4},"end":{"line":83,"column":5}},"type":"if","locations":[{"start":{"line":68,"column":4},"end":{"line":83,"column":5}},{"start":{"line":68,"column":4},"end":{"line":83,"column":5}}],"line":68},"13":{"loc":{"start":{"line":71,"column":6},"end":{"line":75,"column":7}},"type":"if","locations":[{"start":{"line":71,"column":6},"end":{"line":75,"column":7}},{"start":{"line":71,"column":6},"end":{"line":75,"column":7}}],"line":71},"14":{"loc":{"start":{"line":85,"column":2},"end":{"line":85,"column":75}},"type":"if","locations":[{"start":{"line":85,"column":2},"end":{"line":85,"column":75}},{"start":{"line":85,"column":2},"end":{"line":85,"column":75}}],"line":85},"15":{"loc":{"start":{"line":91,"column":2},"end":{"line":91,"column":43}},"type":"if","locations":[{"start":{"line":91,"column":2},"end":{"line":91,"column":43}},{"start":{"line":91,"column":2},"end":{"line":91,"column":43}}],"line":91},"16":{"loc":{"start":{"line":98,"column":4},"end":{"line":118,"column":5}},"type":"if","locations":[{"start":{"line":98,"column":4},"end":{"line":118,"column":5}},{"start":{"line":98,"column":4},"end":{"line":118,"column":5}}],"line":98},"17":{"loc":{"start":{"line":98,"column":8},"end":{"line":98,"column":67}},"type":"binary-expr","locations":[{"start":{"line":98,"column":8},"end":{"line":98,"column":31}},{"start":{"line":98,"column":35},"end":{"line":98,"column":67}}],"line":98},"18":{"loc":{"start":{"line":101,"column":6},"end":{"line":101,"column":34}},"type":"if","locations":[{"start":{"line":101,"column":6},"end":{"line":101,"column":34}},{"start":{"line":101,"column":6},"end":{"line":101,"column":34}}],"line":101},"19":{"loc":{"start":{"line":104,"column":6},"end":{"line":104,"column":52}},"type":"if","locations":[{"start":{"line":104,"column":6},"end":{"line":104,"column":52}},{"start":{"line":104,"column":6},"end":{"line":104,"column":52}}],"line":104},"20":{"loc":{"start":{"line":109,"column":6},"end":{"line":113,"column":7}},"type":"if","locations":[{"start":{"line":109,"column":6},"end":{"line":113,"column":7}},{"start":{"line":109,"column":6},"end":{"line":113,"column":7}}],"line":109},"21":{"loc":{"start":{"line":124,"column":2},"end":{"line":126,"column":3}},"type":"if","locations":[{"start":{"line":124,"column":2},"end":{"line":126,"column":3}},{"start":{"line":124,"column":2},"end":{"line":126,"column":3}}],"line":124},"22":{"loc":{"start":{"line":130,"column":6},"end":{"line":134,"column":7}},"type":"if","locations":[{"start":{"line":130,"column":6},"end":{"line":134,"column":7}},{"start":{"line":130,"column":6},"end":{"line":134,"column":7}}],"line":130},"23":{"loc":{"start":{"line":132,"column":8},"end":{"line":132,"column":59}},"type":"if","locations":[{"start":{"line":132,"column":8},"end":{"line":132,"column":59}},{"start":{"line":132,"column":8},"end":{"line":132,"column":59}}],"line":132},"24":{"loc":{"start":{"line":146,"column":6},"end":{"line":146,"column":72}},"type":"if","locations":[{"start":{"line":146,"column":6},"end":{"line":146,"column":72}},{"start":{"line":146,"column":6},"end":{"line":146,"column":72}}],"line":146},"25":{"loc":{"start":{"line":158,"column":4},"end":{"line":158,"column":43}},"type":"if","locations":[{"start":{"line":158,"column":4},"end":{"line":158,"column":43}},{"start":{"line":158,"column":4},"end":{"line":158,"column":43}}],"line":158},"26":{"loc":{"start":{"line":159,"column":4},"end":{"line":159,"column":60}},"type":"if","locations":[{"start":{"line":159,"column":4},"end":{"line":159,"column":60}},{"start":{"line":159,"column":4},"end":{"line":159,"column":60}}],"line":159},"27":{"loc":{"start":{"line":171,"column":9},"end":{"line":171,"column":49}},"type":"binary-expr","locations":[{"start":{"line":171,"column":9},"end":{"line":171,"column":27}},{"start":{"line":171,"column":31},"end":{"line":171,"column":49}}],"line":171},"28":{"loc":{"start":{"line":175,"column":2},"end":{"line":175,"column":45}},"type":"if","locations":[{"start":{"line":175,"column":2},"end":{"line":175,"column":45}},{"start":{"line":175,"column":2},"end":{"line":175,"column":45}}],"line":175},"29":{"loc":{"start":{"line":176,"column":2},"end":{"line":176,"column":66}},"type":"if","locations":[{"start":{"line":176,"column":2},"end":{"line":176,"column":66}},{"start":{"line":176,"column":2},"end":{"line":176,"column":66}}],"line":176}},"s":{"0":1,"1":1,"2":1,"3":1,"4":1,"5":2631,"6":1,"7":1,"8":1,"9":1,"10":1,"11":1,"12":64,"13":160,"14":77,"15":1,"16":3106,"17":17,"18":3089,"19":3032,"20":57,"21":21,"22":36,"23":2,"24":2705,"25":1958,"26":15619,"27":2273,"28":0,"29":2273,"30":2273,"31":7226,"32":1445,"33":3,"34":1442,"35":5781,"36":2273,"37":2273,"38":2273,"39":7226,"40":1445,"41":1445,"42":19,"43":19,"44":19,"45":1426,"46":1426,"47":1426,"48":5781,"49":5781,"50":2273,"51":0,"52":2273,"53":1,"54":1958,"55":8,"56":1950,"57":1950,"58":1950,"59":1950,"60":7599,"61":7599,"62":1164,"63":1164,"64":0,"65":1164,"66":1164,"67":7,"68":1157,"69":1157,"70":1157,"71":1157,"72":1,"73":1156,"74":6435,"75":6435,"76":1943,"77":1,"78":432,"79":388,"80":432,"81":1115,"82":492,"83":492,"84":475,"85":17,"86":640,"87":1,"88":380,"89":380,"90":1100,"91":621,"92":479,"93":478,"94":1,"95":23,"96":23,"97":23,"98":52,"99":33,"100":19,"101":17,"102":2,"103":1,"104":35,"105":1,"106":93,"107":93,"108":1,"109":96,"110":3,"111":93,"112":7,"113":86,"114":1,"115":1,"116":1},"f":{"0":2631,"1":64,"2":160,"3":77,"4":3106,"5":2705,"6":1958,"7":15619,"8":2273,"9":7226,"10":7226,"11":1958,"12":432,"13":1115,"14":380,"15":1100,"16":23,"17":52,"18":35,"19":93,"20":96},"b":{"0":[64,64,21,19,15],"1":[160,64],"2":[77,77],"3":[17,3089],"4":[3032,57],"5":[21,36],"6":[57,29],"7":[2,34],"8":[0,2273],"9":[1445,5781],"10":[3,1442],"11":[1445,12],"12":[1445,5781],"13":[19,1426],"14":[0,2273],"15":[8,1950],"16":[1164,6435],"17":[7599,6744],"18":[0,1164],"19":[7,1157],"20":[1,1156],"21":[388,44],"22":[492,623],"23":[475,17],"24":[621,479],"25":[33,19],"26":[17,2],"27":[93,93],"28":[3,93],"29":[7,86]},"_coverageSchema":"1a1c01bbd47fc00a2c39e90264f33305004495a9","hash":"6176ec0d6bc334caa19b6e7d53eb8f98bb3379c2","contentHash":"601b6d88787e81a7cfd7a020edb6b582eafefdd088271ea2ca151ce9ec60c61c"},"D:\\Cmd\\Transformer\\Transformer-transaction signature\\src\\bip66.js":{"path":"D:\\Cmd\\Transformer\\Transformer-transaction signature\\src\\bip66.js","statementMap":{"0":{"start":{"line":5,"column":0},"end":{"line":5,"column":62}},"1":{"start":{"line":6,"column":0},"end":{"line":6,"column":57}},"2":{"start":{"line":8,"column":2},"end":{"line":8,"column":38}},"3":{"start":{"line":8,"column":25},"end":{"line":8,"column":38}},"4":{"start":{"line":9,"column":2},"end":{"line":9,"column":39}},"5":{"start":{"line":9,"column":26},"end":{"line":9,"column":39}},"6":{"start":{"line":10,"column":2},"end":{"line":10,"column":39}},"7":{"start":{"line":10,"column":26},"end":{"line":10,"column":39}},"8":{"start":{"line":11,"column":2},"end":{"line":11,"column":52}},"9":{"start":{"line":11,"column":39},"end":{"line":11,"column":52}},"10":{"start":{"line":12,"column":2},"end":{"line":12,"column":39}},"11":{"start":{"line":12,"column":26},"end":{"line":12,"column":39}},"12":{"start":{"line":13,"column":15},"end":{"line":13,"column":24}},"13":{"start":{"line":14,"column":2},"end":{"line":14,"column":31}},"14":{"start":{"line":14,"column":18},"end":{"line":14,"column":31}},"15":{"start":{"line":15,"column":2},"end":{"line":15,"column":46}},"16":{"start":{"line":15,"column":33},"end":{"line":15,"column":46}},"17":{"start":{"line":16,"column":2},"end":{"line":16,"column":46}},"18":{"start":{"line":16,"column":33},"end":{"line":16,"column":46}},"19":{"start":{"line":17,"column":15},"end":{"line":17,"column":31}},"20":{"start":{"line":18,"column":2},"end":{"line":18,"column":31}},"21":{"start":{"line":18,"column":18},"end":{"line":18,"column":31}},"22":{"start":{"line":19,"column":2},"end":{"line":19,"column":54}},"23":{"start":{"line":19,"column":41},"end":{"line":19,"column":54}},"24":{"start":{"line":20,"column":2},"end":{"line":20,"column":37}},"25":{"start":{"line":20,"column":24},"end":{"line":20,"column":37}},"26":{"start":{"line":21,"column":2},"end":{"line":21,"column":74}},"27":{"start":{"line":21,"column":61},"end":{"line":21,"column":74}},"28":{"start":{"line":22,"column":2},"end":{"line":22,"column":44}},"29":{"start":{"line":22,"column":31},"end":{"line":22,"column":44}},"30":{"start":{"line":23,"column":2},"end":{"line":24,"column":17}},"31":{"start":{"line":24,"column":4},"end":{"line":24,"column":17}},"32":{"start":{"line":25,"column":2},"end":{"line":25,"column":14}},"33":{"start":{"line":27,"column":0},"end":{"line":27,"column":22}},"34":{"start":{"line":29,"column":2},"end":{"line":29,"column":77}},"35":{"start":{"line":29,"column":25},"end":{"line":29,"column":77}},"36":{"start":{"line":30,"column":2},"end":{"line":30,"column":77}},"37":{"start":{"line":30,"column":26},"end":{"line":30,"column":77}},"38":{"start":{"line":31,"column":2},"end":{"line":31,"column":67}},"39":{"start":{"line":31,"column":26},"end":{"line":31,"column":67}},"40":{"start":{"line":32,"column":2},"end":{"line":33,"column":54}},"41":{"start":{"line":33,"column":4},"end":{"line":33,"column":54}},"42":{"start":{"line":34,"column":2},"end":{"line":34,"column":66}},"43":{"start":{"line":34,"column":26},"end":{"line":34,"column":66}},"44":{"start":{"line":35,"column":15},"end":{"line":35,"column":24}},"45":{"start":{"line":36,"column":2},"end":{"line":36,"column":54}},"46":{"start":{"line":36,"column":18},"end":{"line":36,"column":54}},"47":{"start":{"line":37,"column":2},"end":{"line":37,"column":73}},"48":{"start":{"line":37,"column":33},"end":{"line":37,"column":73}},"49":{"start":{"line":38,"column":2},"end":{"line":38,"column":77}},"50":{"start":{"line":38,"column":33},"end":{"line":38,"column":77}},"51":{"start":{"line":39,"column":15},"end":{"line":39,"column":31}},"52":{"start":{"line":40,"column":2},"end":{"line":40,"column":54}},"53":{"start":{"line":40,"column":18},"end":{"line":40,"column":54}},"54":{"start":{"line":41,"column":2},"end":{"line":41,"column":80}},"55":{"start":{"line":41,"column":41},"end":{"line":41,"column":80}},"56":{"start":{"line":42,"column":2},"end":{"line":42,"column":63}},"57":{"start":{"line":42,"column":24},"end":{"line":42,"column":63}},"58":{"start":{"line":43,"column":2},"end":{"line":44,"column":50}},"59":{"start":{"line":44,"column":4},"end":{"line":44,"column":50}},"60":{"start":{"line":45,"column":2},"end":{"line":45,"column":70}},"61":{"start":{"line":45,"column":31},"end":{"line":45,"column":70}},"62":{"start":{"line":46,"column":2},"end":{"line":47,"column":50}},"63":{"start":{"line":47,"column":4},"end":{"line":47,"column":50}},"64":{"start":{"line":49,"column":2},"end":{"line":52,"column":4}},"65":{"start":{"line":54,"column":0},"end":{"line":54,"column":24}},"66":{"start":{"line":78,"column":15},"end":{"line":78,"column":23}},"67":{"start":{"line":79,"column":15},"end":{"line":79,"column":23}},"68":{"start":{"line":80,"column":2},"end":{"line":80,"column":54}},"69":{"start":{"line":80,"column":18},"end":{"line":80,"column":54}},"70":{"start":{"line":81,"column":2},"end":{"line":81,"column":54}},"71":{"start":{"line":81,"column":18},"end":{"line":81,"column":54}},"72":{"start":{"line":82,"column":2},"end":{"line":82,"column":57}},"73":{"start":{"line":82,"column":17},"end":{"line":82,"column":57}},"74":{"start":{"line":83,"column":2},"end":{"line":83,"column":57}},"75":{"start":{"line":83,"column":17},"end":{"line":83,"column":57}},"76":{"start":{"line":84,"column":2},"end":{"line":84,"column":58}},"77":{"start":{"line":84,"column":19},"end":{"line":84,"column":58}},"78":{"start":{"line":85,"column":2},"end":{"line":85,"column":58}},"79":{"start":{"line":85,"column":19},"end":{"line":85,"column":58}},"80":{"start":{"line":86,"column":2},"end":{"line":87,"column":50}},"81":{"start":{"line":87,"column":4},"end":{"line":87,"column":50}},"82":{"start":{"line":88,"column":2},"end":{"line":89,"column":50}},"83":{"start":{"line":89,"column":4},"end":{"line":89,"column":50}},"84":{"start":{"line":90,"column":20},"end":{"line":90,"column":55}},"85":{"start":{"line":92,"column":2},"end":{"line":92,"column":22}},"86":{"start":{"line":93,"column":2},"end":{"line":93,"column":38}},"87":{"start":{"line":94,"column":2},"end":{"line":94,"column":22}},"88":{"start":{"line":95,"column":2},"end":{"line":95,"column":26}},"89":{"start":{"line":96,"column":2},"end":{"line":96,"column":23}},"90":{"start":{"line":97,"column":2},"end":{"line":97,"column":29}},"91":{"start":{"line":98,"column":2},"end":{"line":98,"column":33}},"92":{"start":{"line":99,"column":2},"end":{"line":99,"column":30}},"93":{"start":{"line":100,"column":2},"end":{"line":100,"column":19}},"94":{"start":{"line":102,"column":0},"end":{"line":102,"column":24}}},"fnMap":{"0":{"name":"check","decl":{"start":{"line":7,"column":9},"end":{"line":7,"column":14}},"loc":{"start":{"line":7,"column":23},"end":{"line":26,"column":1}},"line":7},"1":{"name":"decode","decl":{"start":{"line":28,"column":9},"end":{"line":28,"column":15}},"loc":{"start":{"line":28,"column":24},"end":{"line":53,"column":1}},"line":28},"2":{"name":"encode","decl":{"start":{"line":77,"column":9},"end":{"line":77,"column":15}},"loc":{"start":{"line":77,"column":22},"end":{"line":101,"column":1}},"line":77}},"branchMap":{"0":{"loc":{"start":{"line":8,"column":2},"end":{"line":8,"column":38}},"type":"if","locations":[{"start":{"line":8,"column":2},"end":{"line":8,"column":38}},{"start":{"line":8,"column":2},"end":{"line":8,"column":38}}],"line":8},"1":{"loc":{"start":{"line":9,"column":2},"end":{"line":9,"column":39}},"type":"if","locations":[{"start":{"line":9,"column":2},"end":{"line":9,"column":39}},{"start":{"line":9,"column":2},"end":{"line":9,"column":39}}],"line":9},"2":{"loc":{"start":{"line":10,"column":2},"end":{"line":10,"column":39}},"type":"if","locations":[{"start":{"line":10,"column":2},"end":{"line":10,"column":39}},{"start":{"line":10,"column":2},"end":{"line":10,"column":39}}],"line":10},"3":{"loc":{"start":{"line":11,"column":2},"end":{"line":11,"column":52}},"type":"if","locations":[{"start":{"line":11,"column":2},"end":{"line":11,"column":52}},{"start":{"line":11,"column":2},"end":{"line":11,"column":52}}],"line":11},"4":{"loc":{"start":{"line":12,"column":2},"end":{"line":12,"column":39}},"type":"if","locations":[{"start":{"line":12,"column":2},"end":{"line":12,"column":39}},{"start":{"line":12,"column":2},"end":{"line":12,"column":39}}],"line":12},"5":{"loc":{"start":{"line":14,"column":2},"end":{"line":14,"column":31}},"type":"if","locations":[{"start":{"line":14,"column":2},"end":{"line":14,"column":31}},{"start":{"line":14,"column":2},"end":{"line":14,"column":31}}],"line":14},"6":{"loc":{"start":{"line":15,"column":2},"end":{"line":15,"column":46}},"type":"if","locations":[{"start":{"line":15,"column":2},"end":{"line":15,"column":46}},{"start":{"line":15,"column":2},"end":{"line":15,"column":46}}],"line":15},"7":{"loc":{"start":{"line":16,"column":2},"end":{"line":16,"column":46}},"type":"if","locations":[{"start":{"line":16,"column":2},"end":{"line":16,"column":46}},{"start":{"line":16,"column":2},"end":{"line":16,"column":46}}],"line":16},"8":{"loc":{"start":{"line":18,"column":2},"end":{"line":18,"column":31}},"type":"if","locations":[{"start":{"line":18,"column":2},"end":{"line":18,"column":31}},{"start":{"line":18,"column":2},"end":{"line":18,"column":31}}],"line":18},"9":{"loc":{"start":{"line":19,"column":2},"end":{"line":19,"column":54}},"type":"if","locations":[{"start":{"line":19,"column":2},"end":{"line":19,"column":54}},{"start":{"line":19,"column":2},"end":{"line":19,"column":54}}],"line":19},"10":{"loc":{"start":{"line":20,"column":2},"end":{"line":20,"column":37}},"type":"if","locations":[{"start":{"line":20,"column":2},"end":{"line":20,"column":37}},{"start":{"line":20,"column":2},"end":{"line":20,"column":37}}],"line":20},"11":{"loc":{"start":{"line":21,"column":2},"end":{"line":21,"column":74}},"type":"if","locations":[{"start":{"line":21,"column":2},"end":{"line":21,"column":74}},{"start":{"line":21,"column":2},"end":{"line":21,"column":74}}],"line":21},"12":{"loc":{"start":{"line":21,"column":6},"end":{"line":21,"column":59}},"type":"binary-expr","locations":[{"start":{"line":21,"column":6},"end":{"line":21,"column":14}},{"start":{"line":21,"column":18},"end":{"line":21,"column":36}},{"start":{"line":21,"column":40},"end":{"line":21,"column":59}}],"line":21},"13":{"loc":{"start":{"line":22,"column":2},"end":{"line":22,"column":44}},"type":"if","locations":[{"start":{"line":22,"column":2},"end":{"line":22,"column":44}},{"start":{"line":22,"column":2},"end":{"line":22,"column":44}}],"line":22},"14":{"loc":{"start":{"line":23,"column":2},"end":{"line":24,"column":17}},"type":"if","locations":[{"start":{"line":23,"column":2},"end":{"line":24,"column":17}},{"start":{"line":23,"column":2},"end":{"line":24,"column":17}}],"line":23},"15":{"loc":{"start":{"line":23,"column":6},"end":{"line":23,"column":73}},"type":"binary-expr","locations":[{"start":{"line":23,"column":6},"end":{"line":23,"column":14}},{"start":{"line":23,"column":18},"end":{"line":23,"column":43}},{"start":{"line":23,"column":47},"end":{"line":23,"column":73}}],"line":23},"16":{"loc":{"start":{"line":29,"column":2},"end":{"line":29,"column":77}},"type":"if","locations":[{"start":{"line":29,"column":2},"end":{"line":29,"column":77}},{"start":{"line":29,"column":2},"end":{"line":29,"column":77}}],"line":29},"17":{"loc":{"start":{"line":30,"column":2},"end":{"line":30,"column":77}},"type":"if","locations":[{"start":{"line":30,"column":2},"end":{"line":30,"column":77}},{"start":{"line":30,"column":2},"end":{"line":30,"column":77}}],"line":30},"18":{"loc":{"start":{"line":31,"column":2},"end":{"line":31,"column":67}},"type":"if","locations":[{"start":{"line":31,"column":2},"end":{"line":31,"column":67}},{"start":{"line":31,"column":2},"end":{"line":31,"column":67}}],"line":31},"19":{"loc":{"start":{"line":32,"column":2},"end":{"line":33,"column":54}},"type":"if","locations":[{"start":{"line":32,"column":2},"end":{"line":33,"column":54}},{"start":{"line":32,"column":2},"end":{"line":33,"column":54}}],"line":32},"20":{"loc":{"start":{"line":34,"column":2},"end":{"line":34,"column":66}},"type":"if","locations":[{"start":{"line":34,"column":2},"end":{"line":34,"column":66}},{"start":{"line":34,"column":2},"end":{"line":34,"column":66}}],"line":34},"21":{"loc":{"start":{"line":36,"column":2},"end":{"line":36,"column":54}},"type":"if","locations":[{"start":{"line":36,"column":2},"end":{"line":36,"column":54}},{"start":{"line":36,"column":2},"end":{"line":36,"column":54}}],"line":36},"22":{"loc":{"start":{"line":37,"column":2},"end":{"line":37,"column":73}},"type":"if","locations":[{"start":{"line":37,"column":2},"end":{"line":37,"column":73}},{"start":{"line":37,"column":2},"end":{"line":37,"column":73}}],"line":37},"23":{"loc":{"start":{"line":38,"column":2},"end":{"line":38,"column":77}},"type":"if","locations":[{"start":{"line":38,"column":2},"end":{"line":38,"column":77}},{"start":{"line":38,"column":2},"end":{"line":38,"column":77}}],"line":38},"24":{"loc":{"start":{"line":40,"column":2},"end":{"line":40,"column":54}},"type":"if","locations":[{"start":{"line":40,"column":2},"end":{"line":40,"column":54}},{"start":{"line":40,"column":2},"end":{"line":40,"column":54}}],"line":40},"25":{"loc":{"start":{"line":41,"column":2},"end":{"line":41,"column":80}},"type":"if","locations":[{"start":{"line":41,"column":2},"end":{"line":41,"column":80}},{"start":{"line":41,"column":2},"end":{"line":41,"column":80}}],"line":41},"26":{"loc":{"start":{"line":42,"column":2},"end":{"line":42,"column":63}},"type":"if","locations":[{"start":{"line":42,"column":2},"end":{"line":42,"column":63}},{"start":{"line":42,"column":2},"end":{"line":42,"column":63}}],"line":42},"27":{"loc":{"start":{"line":43,"column":2},"end":{"line":44,"column":50}},"type":"if","locations":[{"start":{"line":43,"column":2},"end":{"line":44,"column":50}},{"start":{"line":43,"column":2},"end":{"line":44,"column":50}}],"line":43},"28":{"loc":{"start":{"line":43,"column":6},"end":{"line":43,"column":59}},"type":"binary-expr","locations":[{"start":{"line":43,"column":6},"end":{"line":43,"column":14}},{"start":{"line":43,"column":18},"end":{"line":43,"column":36}},{"start":{"line":43,"column":40},"end":{"line":43,"column":59}}],"line":43},"29":{"loc":{"start":{"line":45,"column":2},"end":{"line":45,"column":70}},"type":"if","locations":[{"start":{"line":45,"column":2},"end":{"line":45,"column":70}},{"start":{"line":45,"column":2},"end":{"line":45,"column":70}}],"line":45},"30":{"loc":{"start":{"line":46,"column":2},"end":{"line":47,"column":50}},"type":"if","locations":[{"start":{"line":46,"column":2},"end":{"line":47,"column":50}},{"start":{"line":46,"column":2},"end":{"line":47,"column":50}}],"line":46},"31":{"loc":{"start":{"line":46,"column":6},"end":{"line":46,"column":73}},"type":"binary-expr","locations":[{"start":{"line":46,"column":6},"end":{"line":46,"column":14}},{"start":{"line":46,"column":18},"end":{"line":46,"column":43}},{"start":{"line":46,"column":47},"end":{"line":46,"column":73}}],"line":46},"32":{"loc":{"start":{"line":80,"column":2},"end":{"line":80,"column":54}},"type":"if","locations":[{"start":{"line":80,"column":2},"end":{"line":80,"column":54}},{"start":{"line":80,"column":2},"end":{"line":80,"column":54}}],"line":80},"33":{"loc":{"start":{"line":81,"column":2},"end":{"line":81,"column":54}},"type":"if","locations":[{"start":{"line":81,"column":2},"end":{"line":81,"column":54}},{"start":{"line":81,"column":2},"end":{"line":81,"column":54}}],"line":81},"34":{"loc":{"start":{"line":82,"column":2},"end":{"line":82,"column":57}},"type":"if","locations":[{"start":{"line":82,"column":2},"end":{"line":82,"column":57}},{"start":{"line":82,"column":2},"end":{"line":82,"column":57}}],"line":82},"35":{"loc":{"start":{"line":83,"column":2},"end":{"line":83,"column":57}},"type":"if","locations":[{"start":{"line":83,"column":2},"end":{"line":83,"column":57}},{"start":{"line":83,"column":2},"end":{"line":83,"column":57}}],"line":83},"36":{"loc":{"start":{"line":84,"column":2},"end":{"line":84,"column":58}},"type":"if","locations":[{"start":{"line":84,"column":2},"end":{"line":84,"column":58}},{"start":{"line":84,"column":2},"end":{"line":84,"column":58}}],"line":84},"37":{"loc":{"start":{"line":85,"column":2},"end":{"line":85,"column":58}},"type":"if","locations":[{"start":{"line":85,"column":2},"end":{"line":85,"column":58}},{"start":{"line":85,"column":2},"end":{"line":85,"column":58}}],"line":85},"38":{"loc":{"start":{"line":86,"column":2},"end":{"line":87,"column":50}},"type":"if","locations":[{"start":{"line":86,"column":2},"end":{"line":87,"column":50}},{"start":{"line":86,"column":2},"end":{"line":87,"column":50}}],"line":86},"39":{"loc":{"start":{"line":86,"column":6},"end":{"line":86,"column":49}},"type":"binary-expr","locations":[{"start":{"line":86,"column":6},"end":{"line":86,"column":14}},{"start":{"line":86,"column":18},"end":{"line":86,"column":31}},{"start":{"line":86,"column":35},"end":{"line":86,"column":49}}],"line":86},"40":{"loc":{"start":{"line":88,"column":2},"end":{"line":89,"column":50}},"type":"if","locations":[{"start":{"line":88,"column":2},"end":{"line":89,"column":50}},{"start":{"line":88,"column":2},"end":{"line":89,"column":50}}],"line":88},"41":{"loc":{"start":{"line":88,"column":6},"end":{"line":88,"column":49}},"type":"binary-expr","locations":[{"start":{"line":88,"column":6},"end":{"line":88,"column":14}},{"start":{"line":88,"column":18},"end":{"line":88,"column":31}},{"start":{"line":88,"column":35},"end":{"line":88,"column":49}}],"line":88}},"s":{"0":1,"1":1,"2":86,"3":0,"4":86,"5":0,"6":86,"7":0,"8":86,"9":0,"10":86,"11":0,"12":86,"13":86,"14":0,"15":86,"16":0,"17":86,"18":0,"19":86,"20":86,"21":0,"22":86,"23":0,"24":86,"25":1,"26":85,"27":0,"28":85,"29":0,"30":85,"31":0,"32":85,"33":1,"34":58,"35":2,"36":56,"37":2,"38":54,"39":2,"40":52,"41":3,"42":49,"43":3,"44":46,"45":46,"46":2,"47":44,"48":1,"49":43,"50":2,"51":41,"52":41,"53":2,"54":39,"55":2,"56":37,"57":2,"58":35,"59":2,"60":33,"61":2,"62":31,"63":2,"64":29,"65":1,"66":57,"67":57,"68":57,"69":0,"70":57,"71":0,"72":57,"73":0,"74":57,"75":0,"76":57,"77":0,"78":57,"79":0,"80":57,"81":0,"82":57,"83":0,"84":57,"85":57,"86":57,"87":57,"88":57,"89":57,"90":57,"91":57,"92":57,"93":57,"94":1},"f":{"0":86,"1":58,"2":57},"b":{"0":[0,86],"1":[0,86],"2":[0,86],"3":[0,86],"4":[0,86],"5":[0,86],"6":[0,86],"7":[0,86],"8":[0,86],"9":[0,86],"10":[1,85],"11":[0,85],"12":[85,20,12],"13":[0,85],"14":[0,85],"15":[85,20,0],"16":[2,56],"17":[2,54],"18":[2,52],"19":[3,49],"20":[3,46],"21":[2,44],"22":[1,43],"23":[2,41],"24":[2,39],"25":[2,37],"26":[2,35],"27":[2,33],"28":[35,34,19],"29":[2,31],"30":[2,29],"31":[31,30,5],"32":[0,57],"33":[0,57],"34":[0,57],"35":[0,57],"36":[0,57],"37":[0,57],"38":[0,57],"39":[57,56,10],"40":[0,57],"41":[57,56,3]},"_coverageSchema":"1a1c01bbd47fc00a2c39e90264f33305004495a9","hash":"10454dec27feb3d5dc3a01b270e7c1f9c2151b9c","contentHash":"f7c6aae0052eddb9f1431d731865f9c0c715237000c61830991d1c455c5e2c83"},"D:\\Cmd\\Transformer\\Transformer-transaction signature\\src\\ops.js":{"path":"D:\\Cmd\\Transformer\\Transformer-transaction signature\\src\\ops.js","statementMap":{"0":{"start":{"line":2,"column":0},"end":{"line":2,"column":62}},"1":{"start":{"line":3,"column":0},"end":{"line":3,"column":43}},"2":{"start":{"line":4,"column":12},"end":{"line":123,"column":1}},"3":{"start":{"line":124,"column":0},"end":{"line":124,"column":18}},"4":{"start":{"line":125,"column":20},"end":{"line":125,"column":22}},"5":{"start":{"line":126,"column":0},"end":{"line":126,"column":34}},"6":{"start":{"line":127,"column":0},"end":{"line":130,"column":1}},"7":{"start":{"line":128,"column":15},"end":{"line":128,"column":22}},"8":{"start":{"line":129,"column":2},"end":{"line":129,"column":25}}},"fnMap":{},"branchMap":{},"s":{"0":1,"1":1,"2":1,"3":1,"4":1,"5":1,"6":1,"7":118,"8":118},"f":{},"b":{},"_coverageSchema":"1a1c01bbd47fc00a2c39e90264f33305004495a9","hash":"b9c742a342c594a0178251d54e005207b66bbd1e","contentHash":"a48253bbd5d22bd105f9f919d51e4fa9233d156793948075e49ccd12947d6caa"},"D:\\Cmd\\Transformer\\Transformer-transaction signature\\src\\push_data.js":{"path":"D:\\Cmd\\Transformer\\Transformer-transaction signature\\src\\push_data.js","statementMap":{"0":{"start":{"line":2,"column":0},"end":{"line":2,"column":62}},"1":{"start":{"line":3,"column":0},"end":{"line":3,"column":66}},"2":{"start":{"line":4,"column":14},"end":{"line":4,"column":30}},"3":{"start":{"line":6,"column":2},"end":{"line":6,"column":78}},"4":{"start":{"line":8,"column":0},"end":{"line":8,"column":40}},"5":{"start":{"line":10,"column":15},"end":{"line":10,"column":34}},"6":{"start":{"line":12,"column":2},"end":{"line":26,"column":3}},"7":{"start":{"line":13,"column":4},"end":{"line":13,"column":35}},"8":{"start":{"line":15,"column":9},"end":{"line":26,"column":3}},"9":{"start":{"line":16,"column":4},"end":{"line":16,"column":54}},"10":{"start":{"line":17,"column":4},"end":{"line":17,"column":39}},"11":{"start":{"line":19,"column":9},"end":{"line":26,"column":3}},"12":{"start":{"line":20,"column":4},"end":{"line":20,"column":54}},"13":{"start":{"line":21,"column":4},"end":{"line":21,"column":42}},"14":{"start":{"line":24,"column":4},"end":{"line":24,"column":54}},"15":{"start":{"line":25,"column":4},"end":{"line":25,"column":42}},"16":{"start":{"line":27,"column":2},"end":{"line":27,"column":14}},"17":{"start":{"line":29,"column":0},"end":{"line":29,"column":24}},"18":{"start":{"line":31,"column":17},"end":{"line":31,"column":41}},"19":{"start":{"line":35,"column":2},"end":{"line":54,"column":3}},"20":{"start":{"line":36,"column":4},"end":{"line":36,"column":17}},"21":{"start":{"line":37,"column":4},"end":{"line":37,"column":13}},"22":{"start":{"line":39,"column":9},"end":{"line":54,"column":3}},"23":{"start":{"line":40,"column":4},"end":{"line":40,"column":48}},"24":{"start":{"line":40,"column":36},"end":{"line":40,"column":48}},"25":{"start":{"line":41,"column":4},"end":{"line":41,"column":39}},"26":{"start":{"line":42,"column":4},"end":{"line":42,"column":13}},"27":{"start":{"line":44,"column":9},"end":{"line":54,"column":3}},"28":{"start":{"line":45,"column":4},"end":{"line":45,"column":48}},"29":{"start":{"line":45,"column":36},"end":{"line":45,"column":48}},"30":{"start":{"line":46,"column":4},"end":{"line":46,"column":42}},"31":{"start":{"line":47,"column":4},"end":{"line":47,"column":13}},"32":{"start":{"line":50,"column":4},"end":{"line":50,"column":48}},"33":{"start":{"line":50,"column":36},"end":{"line":50,"column":48}},"34":{"start":{"line":51,"column":4},"end":{"line":51,"column":80}},"35":{"start":{"line":51,"column":43},"end":{"line":51,"column":80}},"36":{"start":{"line":52,"column":4},"end":{"line":52,"column":42}},"37":{"start":{"line":53,"column":4},"end":{"line":53,"column":13}},"38":{"start":{"line":55,"column":2},"end":{"line":59,"column":4}},"39":{"start":{"line":61,"column":0},"end":{"line":61,"column":24}}},"fnMap":{"0":{"name":"encodingLength","decl":{"start":{"line":5,"column":9},"end":{"line":5,"column":23}},"loc":{"start":{"line":5,"column":27},"end":{"line":7,"column":1}},"line":5},"1":{"name":"encode","decl":{"start":{"line":9,"column":9},"end":{"line":9,"column":15}},"loc":{"start":{"line":9,"column":37},"end":{"line":28,"column":1}},"line":9},"2":{"name":"decode","decl":{"start":{"line":30,"column":9},"end":{"line":30,"column":15}},"loc":{"start":{"line":30,"column":32},"end":{"line":60,"column":1}},"line":30}},"branchMap":{"0":{"loc":{"start":{"line":6,"column":9},"end":{"line":6,"column":77}},"type":"cond-expr","locations":[{"start":{"line":6,"column":38},"end":{"line":6,"column":39}},{"start":{"line":6,"column":42},"end":{"line":6,"column":77}}],"line":6},"1":{"loc":{"start":{"line":6,"column":42},"end":{"line":6,"column":77}},"type":"cond-expr","locations":[{"start":{"line":6,"column":54},"end":{"line":6,"column":55}},{"start":{"line":6,"column":58},"end":{"line":6,"column":77}}],"line":6},"2":{"loc":{"start":{"line":6,"column":58},"end":{"line":6,"column":77}},"type":"cond-expr","locations":[{"start":{"line":6,"column":72},"end":{"line":6,"column":73}},{"start":{"line":6,"column":76},"end":{"line":6,"column":77}}],"line":6},"3":{"loc":{"start":{"line":12,"column":2},"end":{"line":26,"column":3}},"type":"if","locations":[{"start":{"line":12,"column":2},"end":{"line":26,"column":3}},{"start":{"line":12,"column":2},"end":{"line":26,"column":3}}],"line":12},"4":{"loc":{"start":{"line":15,"column":9},"end":{"line":26,"column":3}},"type":"if","locations":[{"start":{"line":15,"column":9},"end":{"line":26,"column":3}},{"start":{"line":15,"column":9},"end":{"line":26,"column":3}}],"line":15},"5":{"loc":{"start":{"line":19,"column":9},"end":{"line":26,"column":3}},"type":"if","locations":[{"start":{"line":19,"column":9},"end":{"line":26,"column":3}},{"start":{"line":19,"column":9},"end":{"line":26,"column":3}}],"line":19},"6":{"loc":{"start":{"line":35,"column":2},"end":{"line":54,"column":3}},"type":"if","locations":[{"start":{"line":35,"column":2},"end":{"line":54,"column":3}},{"start":{"line":35,"column":2},"end":{"line":54,"column":3}}],"line":35},"7":{"loc":{"start":{"line":39,"column":9},"end":{"line":54,"column":3}},"type":"if","locations":[{"start":{"line":39,"column":9},"end":{"line":54,"column":3}},{"start":{"line":39,"column":9},"end":{"line":54,"column":3}}],"line":39},"8":{"loc":{"start":{"line":40,"column":4},"end":{"line":40,"column":48}},"type":"if","locations":[{"start":{"line":40,"column":4},"end":{"line":40,"column":48}},{"start":{"line":40,"column":4},"end":{"line":40,"column":48}}],"line":40},"9":{"loc":{"start":{"line":44,"column":9},"end":{"line":54,"column":3}},"type":"if","locations":[{"start":{"line":44,"column":9},"end":{"line":54,"column":3}},{"start":{"line":44,"column":9},"end":{"line":54,"column":3}}],"line":44},"10":{"loc":{"start":{"line":45,"column":4},"end":{"line":45,"column":48}},"type":"if","locations":[{"start":{"line":45,"column":4},"end":{"line":45,"column":48}},{"start":{"line":45,"column":4},"end":{"line":45,"column":48}}],"line":45},"11":{"loc":{"start":{"line":50,"column":4},"end":{"line":50,"column":48}},"type":"if","locations":[{"start":{"line":50,"column":4},"end":{"line":50,"column":48}},{"start":{"line":50,"column":4},"end":{"line":50,"column":48}}],"line":50},"12":{"loc":{"start":{"line":51,"column":4},"end":{"line":51,"column":80}},"type":"if","locations":[{"start":{"line":51,"column":4},"end":{"line":51,"column":80}},{"start":{"line":51,"column":4},"end":{"line":51,"column":80}}],"line":51}},"s":{"0":1,"1":1,"2":1,"3":2868,"4":1,"5":1426,"6":1426,"7":966,"8":460,"9":196,"10":196,"11":264,"12":264,"13":264,"14":0,"15":0,"16":1426,"17":1,"18":1164,"19":1164,"20":1145,"21":1145,"22":19,"23":17,"24":0,"25":17,"26":17,"27":2,"28":1,"29":0,"30":1,"31":1,"32":1,"33":0,"34":1,"35":0,"36":1,"37":1,"38":1164,"39":1},"f":{"0":2868,"1":1426,"2":1164},"b":{"0":[1948,920],"1":[392,528],"2":[528,0],"3":[966,460],"4":[196,264],"5":[264,0],"6":[1145,19],"7":[17,2],"8":[0,17],"9":[1,1],"10":[0,1],"11":[0,1],"12":[0,1]},"_coverageSchema":"1a1c01bbd47fc00a2c39e90264f33305004495a9","hash":"8ec18fa272a3239b3520cc23d5c6ae5659e6c831","contentHash":"c7f59e6ee760aba32a54483a81a61f60d201a6725cedb68d1d66201072b97b68"},"D:\\Cmd\\Transformer\\Transformer-transaction signature\\src\\script_number.js":{"path":"D:\\Cmd\\Transformer\\Transformer-transaction signature\\src\\script_number.js","statementMap":{"0":{"start":{"line":2,"column":0},"end":{"line":2,"column":62}},"1":{"start":{"line":3,"column":0},"end":{"line":3,"column":41}},"2":{"start":{"line":5,"column":2},"end":{"line":5,"column":29}},"3":{"start":{"line":6,"column":2},"end":{"line":6,"column":51}},"4":{"start":{"line":7,"column":17},"end":{"line":7,"column":30}},"5":{"start":{"line":8,"column":2},"end":{"line":8,"column":29}},"6":{"start":{"line":8,"column":20},"end":{"line":8,"column":29}},"7":{"start":{"line":9,"column":2},"end":{"line":9,"column":72}},"8":{"start":{"line":9,"column":26},"end":{"line":9,"column":72}},"9":{"start":{"line":10,"column":2},"end":{"line":15,"column":3}},"10":{"start":{"line":11,"column":4},"end":{"line":14,"column":5}},"11":{"start":{"line":12,"column":6},"end":{"line":13,"column":63}},"12":{"start":{"line":13,"column":8},"end":{"line":13,"column":63}},"13":{"start":{"line":17,"column":2},"end":{"line":22,"column":3}},"14":{"start":{"line":18,"column":14},"end":{"line":18,"column":36}},"15":{"start":{"line":19,"column":14},"end":{"line":19,"column":33}},"16":{"start":{"line":20,"column":4},"end":{"line":20,"column":58}},"17":{"start":{"line":20,"column":18},"end":{"line":20,"column":58}},"18":{"start":{"line":21,"column":4},"end":{"line":21,"column":31}},"19":{"start":{"line":24,"column":15},"end":{"line":24,"column":16}},"20":{"start":{"line":25,"column":2},"end":{"line":27,"column":3}},"21":{"start":{"line":25,"column":15},"end":{"line":25,"column":16}},"22":{"start":{"line":26,"column":4},"end":{"line":26,"column":35}},"23":{"start":{"line":28,"column":2},"end":{"line":29,"column":53}},"24":{"start":{"line":29,"column":4},"end":{"line":29,"column":53}},"25":{"start":{"line":30,"column":2},"end":{"line":30,"column":16}},"26":{"start":{"line":32,"column":0},"end":{"line":32,"column":24}},"27":{"start":{"line":34,"column":2},"end":{"line":44,"column":8}},"28":{"start":{"line":47,"column":14},"end":{"line":47,"column":31}},"29":{"start":{"line":48,"column":15},"end":{"line":48,"column":35}},"30":{"start":{"line":49,"column":17},"end":{"line":49,"column":41}},"31":{"start":{"line":50,"column":19},"end":{"line":50,"column":30}},"32":{"start":{"line":51,"column":2},"end":{"line":54,"column":3}},"33":{"start":{"line":51,"column":15},"end":{"line":51,"column":16}},"34":{"start":{"line":52,"column":4},"end":{"line":52,"column":39}},"35":{"start":{"line":53,"column":4},"end":{"line":53,"column":16}},"36":{"start":{"line":55,"column":2},"end":{"line":59,"column":3}},"37":{"start":{"line":56,"column":4},"end":{"line":56,"column":56}},"38":{"start":{"line":57,"column":9},"end":{"line":59,"column":3}},"39":{"start":{"line":58,"column":4},"end":{"line":58,"column":29}},"40":{"start":{"line":60,"column":2},"end":{"line":60,"column":16}},"41":{"start":{"line":62,"column":0},"end":{"line":62,"column":24}}},"fnMap":{"0":{"name":"decode","decl":{"start":{"line":4,"column":9},"end":{"line":4,"column":15}},"loc":{"start":{"line":4,"column":44},"end":{"line":31,"column":1}},"line":4},"1":{"name":"scriptNumSize","decl":{"start":{"line":33,"column":9},"end":{"line":33,"column":22}},"loc":{"start":{"line":33,"column":26},"end":{"line":45,"column":1}},"line":33},"2":{"name":"encode","decl":{"start":{"line":46,"column":9},"end":{"line":46,"column":15}},"loc":{"start":{"line":46,"column":25},"end":{"line":61,"column":1}},"line":46}},"branchMap":{"0":{"loc":{"start":{"line":5,"column":14},"end":{"line":5,"column":28}},"type":"binary-expr","locations":[{"start":{"line":5,"column":14},"end":{"line":5,"column":23}},{"start":{"line":5,"column":27},"end":{"line":5,"column":28}}],"line":5},"1":{"loc":{"start":{"line":6,"column":12},"end":{"line":6,"column":50}},"type":"cond-expr","locations":[{"start":{"line":6,"column":36},"end":{"line":6,"column":40}},{"start":{"line":6,"column":43},"end":{"line":6,"column":50}}],"line":6},"2":{"loc":{"start":{"line":8,"column":2},"end":{"line":8,"column":29}},"type":"if","locations":[{"start":{"line":8,"column":2},"end":{"line":8,"column":29}},{"start":{"line":8,"column":2},"end":{"line":8,"column":29}}],"line":8},"3":{"loc":{"start":{"line":9,"column":2},"end":{"line":9,"column":72}},"type":"if","locations":[{"start":{"line":9,"column":2},"end":{"line":9,"column":72}},{"start":{"line":9,"column":2},"end":{"line":9,"column":72}}],"line":9},"4":{"loc":{"start":{"line":10,"column":2},"end":{"line":15,"column":3}},"type":"if","locations":[{"start":{"line":10,"column":2},"end":{"line":15,"column":3}},{"start":{"line":10,"column":2},"end":{"line":15,"column":3}}],"line":10},"5":{"loc":{"start":{"line":11,"column":4},"end":{"line":14,"column":5}},"type":"if","locations":[{"start":{"line":11,"column":4},"end":{"line":14,"column":5}},{"start":{"line":11,"column":4},"end":{"line":14,"column":5}}],"line":11},"6":{"loc":{"start":{"line":12,"column":6},"end":{"line":13,"column":63}},"type":"if","locations":[{"start":{
[...]
"line":1227,"column":7}},"type":"if","locations":[{"start":{"line":1221,"column":6},"end":{"line":1227,"column":7}},{"start":{"line":1221,"column":6},"end":{"line":1227,"column":7}}],"line":1221},"149":{"loc":{"start":{"line":1237,"column":4},"end":{"line":1238,"column":48}},"type":"if","locations":[{"start":{"line":1237,"column":4},"end":{"line":1238,"column":48}},{"start":{"line":1237,"column":4},"end":{"line":1238,"column":48}}],"line":1237},"150":{"loc":{"start":{"line":1237,"column":8},"end":{"line":1237,"column":44}},"type":"binary-expr","locations":[{"start":{"line":1237,"column":8},"end":{"line":1237,"column":20}},{"start":{"line":1237,"column":24},"end":{"line":1237,"column":44}}],"line":1237},"151":{"loc":{"start":{"line":1239,"column":4},"end":{"line":1243,"column":5}},"type":"if","locations":[{"start":{"line":1239,"column":4},"end":{"line":1243,"column":5}},{"start":{"line":1239,"column":4},"end":{"line":1243,"column":5}}],"line":1239},"152":{"loc":{"start":{"line":1239,"column":8},"end":{"line":1239,"column":48}},"type":"binary-expr","locations":[{"start":{"line":1239,"column":8},"end":{"line":1239,"column":20}},{"start":{"line":1239,"column":24},"end":{"line":1239,"column":48}}],"line":1239},"153":{"loc":{"start":{"line":1244,"column":4},"end":{"line":1251,"column":5}},"type":"if","locations":[{"start":{"line":1244,"column":4},"end":{"line":1251,"column":5}},{"start":{"line":1244,"column":4},"end":{"line":1251,"column":5}}],"line":1244},"154":{"loc":{"start":{"line":1246,"column":11},"end":{"line":1251,"column":5}},"type":"if","locations":[{"start":{"line":1246,"column":11},"end":{"line":1251,"column":5}},{"start":{"line":1246,"column":11},"end":{"line":1251,"column":5}}],"line":1246},"155":{"loc":{"start":{"line":1255,"column":2},"end":{"line":1257,"column":3}},"type":"if","locations":[{"start":{"line":1255,"column":2},"end":{"line":1257,"column":3}},{"start":{"line":1255,"column":2},"end":{"line":1257,"column":3}}],"line":1255},"156":{"loc":{"start":{"line":1265,"column":2},"end":{"line":1267,"column":3}},"type":"if","locations":[{"start":{"line":1265,"column":2},"end":{"line":1267,"column":3}},{"start":{"line":1265,"column":2},"end":{"line":1267,"column":3}}],"line":1265},"157":{"loc":{"start":{"line":1271,"column":2},"end":{"line":1282,"column":3}},"type":"if","locations":[{"start":{"line":1271,"column":2},"end":{"line":1282,"column":3}},{"start":{"line":1271,"column":2},"end":{"line":1282,"column":3}}],"line":1271},"158":{"loc":{"start":{"line":1273,"column":9},"end":{"line":1282,"column":3}},"type":"if","locations":[{"start":{"line":1273,"column":9},"end":{"line":1282,"column":3}},{"start":{"line":1273,"column":9},"end":{"line":1282,"column":3}}],"line":1273},"159":{"loc":{"start":{"line":1307,"column":2},"end":{"line":1307,"column":27}},"type":"if","locations":[{"start":{"line":1307,"column":2},"end":{"line":1307,"column":27}},{"start":{"line":1307,"column":2},"end":{"line":1307,"column":27}}],"line":1307},"160":{"loc":{"start":{"line":1309,"column":2},"end":{"line":1309,"column":22}},"type":"if","locations":[{"start":{"line":1309,"column":2},"end":{"line":1309,"column":22}},{"start":{"line":1309,"column":2},"end":{"line":1309,"column":22}}],"line":1309},"161":{"loc":{"start":{"line":1311,"column":2},"end":{"line":1316,"column":11}},"type":"if","locations":[{"start":{"line":1311,"column":2},"end":{"line":1316,"column":11}},{"start":{"line":1311,"column":2},"end":{"line":1316,"column":11}}],"line":1311},"162":{"loc":{"start":{"line":1312,"column":4},"end":{"line":1314,"column":23}},"type":"binary-expr","locations":[{"start":{"line":1312,"column":4},"end":{"line":1312,"column":30}},{"start":{"line":1313,"column":4},"end":{"line":1313,"column":26}},{"start":{"line":1314,"column":4},"end":{"line":1314,"column":23}}],"line":1312},"163":{"loc":{"start":{"line":1318,"column":2},"end":{"line":1318,"column":23}},"type":"if","locations":[{"start":{"line":1318,"column":2},"end":{"line":1318,"column":23}},{"start":{"line":1318,"column":2},"end":{"line":1318,"column":23}}],"line":1318},"164":{"loc":{"start":{"line":1322,"column":2},"end":{"line":1322,"column":27}},"type":"if","locations":[{"start":{"line":1322,"column":2},"end":{"line":1322,"column":27}},{"start":{"line":1322,"column":2},"end":{"line":1322,"column":27}}],"line":1322},"165":{"loc":{"start":{"line":1325,"column":2},"end":{"line":1325,"column":37}},"type":"if","locations":[{"start":{"line":1325,"column":2},"end":{"line":1325,"column":37}},{"start":{"line":1325,"column":2},"end":{"line":1325,"column":37}}],"line":1325},"166":{"loc":{"start":{"line":1327,"column":2},"end":{"line":1327,"column":23}},"type":"if","locations":[{"start":{"line":1327,"column":2},"end":{"line":1327,"column":23}},{"start":{"line":1327,"column":2},"end":{"line":1327,"column":23}}],"line":1327},"167":{"loc":{"start":{"line":1331,"column":2},"end":{"line":1336,"column":3}},"type":"if","locations":[{"start":{"line":1331,"column":2},"end":{"line":1336,"column":3}},{"start":{"line":1331,"column":2},"end":{"line":1336,"column":3}}],"line":1331},"168":{"loc":{"start":{"line":1340,"column":9},"end":{"line":1340,"column":60}},"type":"binary-expr","locations":[{"start":{"line":1340,"column":9},"end":{"line":1340,"column":26}},{"start":{"line":1340,"column":30},"end":{"line":1340,"column":60}}],"line":1340},"169":{"loc":{"start":{"line":1353,"column":22},"end":{"line":1353,"column":75}},"type":"binary-expr","locations":[{"start":{"line":1353,"column":22},"end":{"line":1353,"column":28}},{"start":{"line":1353,"column":32},"end":{"line":1353,"column":44}},{"start":{"line":1353,"column":48},"end":{"line":1353,"column":75}}],"line":1353},"170":{"loc":{"start":{"line":1355,"column":2},"end":{"line":1356,"column":69}},"type":"if","locations":[{"start":{"line":1355,"column":2},"end":{"line":1356,"column":69}},{"start":{"line":1355,"column":2},"end":{"line":1356,"column":69}}],"line":1355},"171":{"loc":{"start":{"line":1355,"column":6},"end":{"line":1355,"column":42}},"type":"binary-expr","locations":[{"start":{"line":1355,"column":6},"end":{"line":1355,"column":12}},{"start":{"line":1355,"column":16},"end":{"line":1355,"column":42}}],"line":1355},"172":{"loc":{"start":{"line":1357,"column":2},"end":{"line":1360,"column":6}},"type":"if","locations":[{"start":{"line":1357,"column":2},"end":{"line":1360,"column":6}},{"start":{"line":1357,"column":2},"end":{"line":1360,"column":6}}],"line":1357},"173":{"loc":{"start":{"line":1357,"column":6},"end":{"line":1357,"column":61}},"type":"binary-expr","locations":[{"start":{"line":1357,"column":7},"end":{"line":1357,"column":14}},{"start":{"line":1357,"column":18},"end":{"line":1357,"column":29}},{"start":{"line":1357,"column":34},"end":{"line":1357,"column":61}}],"line":1357},"174":{"loc":{"start":{"line":1362,"column":2},"end":{"line":1376,"column":3}},"type":"if","locations":[{"start":{"line":1362,"column":2},"end":{"line":1376,"column":3}},{"start":{"line":1362,"column":2},"end":{"line":1376,"column":3}}],"line":1362},"175":{"loc":{"start":{"line":1367,"column":9},"end":{"line":1376,"column":3}},"type":"if","locations":[{"start":{"line":1367,"column":9},"end":{"line":1376,"column":3}},{"start":{"line":1367,"column":9},"end":{"line":1376,"column":3}}],"line":1367},"176":{"loc":{"start":{"line":1371,"column":9},"end":{"line":1376,"column":3}},"type":"if","locations":[{"start":{"line":1371,"column":9},"end":{"line":1376,"column":3}},{"start":{"line":1371,"column":9},"end":{"line":1376,"column":3}}],"line":1371},"177":{"loc":{"start":{"line":1379,"column":10},"end":{"line":1385,"column":13}},"type":"cond-expr","locations":[{"start":{"line":1380,"column":8},"end":{"line":1380,"column":20}},{"start":{"line":1381,"column":8},"end":{"line":1385,"column":13}}],"line":1379},"178":{"loc":{"start":{"line":1381,"column":8},"end":{"line":1385,"column":13}},"type":"cond-expr","locations":[{"start":{"line":1382,"column":8},"end":{"line":1382,"column":14}},{"start":{"line":1383,"column":8},"end":{"line":1385,"column":13}}],"line":1381},"179":{"loc":{"start":{"line":1383,"column":8},"end":{"line":1385,"column":13}},"type":"cond-expr","locations":[{"start":{"line":1384,"column":8},"end":{"line":1384,"column":15}},{"start":{"line":1385,"column":8},"end":{"line":1385,"column":13}}],"line":1383},"180":{"loc":{"start":{"line":1389,"column":2},"end":{"line":1391,"column":3}},"type":"if","locations":[{"start":{"line":1389,"column":2},"end":{"line":1391,"column":3}},{"start":{"line":1389,"column":2},"end":{"line":1391,"column":3}}],"line":1389},"181":{"loc":{"start":{"line":1389,"column":6},"end":{"line":1389,"column":46}},"type":"binary-expr","locations":[{"start":{"line":1389,"column":6},"end":{"line":1389,"column":22}},{"start":{"line":1389,"column":26},"end":{"line":1389,"column":46}}],"line":1389},"182":{"loc":{"start":{"line":1396,"column":2},"end":{"line":1396,"column":67}},"type":"if","locations":[{"start":{"line":1396,"column":2},"end":{"line":1396,"column":67}},{"start":{"line":1396,"column":2},"end":{"line":1396,"column":67}}],"line":1396},"183":{"loc":{"start":{"line":1398,"column":4},"end":{"line":1398,"column":50}},"type":"if","locations":[{"start":{"line":1398,"column":4},"end":{"line":1398,"column":50}},{"start":{"line":1398,"column":4},"end":{"line":1398,"column":50}}],"line":1398},"184":{"loc":{"start":{"line":1399,"column":11},"end":{"line":1399,"column":63}},"type":"binary-expr","locations":[{"start":{"line":1399,"column":11},"end":{"line":1399,"column":33}},{"start":{"line":1399,"column":37},"end":{"line":1399,"column":63}}],"line":1399},"185":{"loc":{"start":{"line":1403,"column":2},"end":{"line":1403,"column":51}},"type":"if","locations":[{"start":{"line":1403,"column":2},"end":{"line":1403,"column":51}},{"start":{"line":1403,"column":2},"end":{"line":1403,"column":51}}],"line":1403},"186":{"loc":{"start":{"line":1404,"column":2},"end":{"line":1404,"column":43}},"type":"if","locations":[{"start":{"line":1404,"column":2},"end":{"line":1404,"column":43}},{"start":{"line":1404,"column":2},"end":{"line":1404,"column":43}}],"line":1404},"187":{"loc":{"start":{"line":1405,"column":2},"end":{"line":1405,"column":40}},"type":"if","locations":[{"start":{"line":1405,"column":2},"end":{"line":1405,"column":40}},{"start":{"line":1405,"column":2},"end":{"line":1405,"column":40}}],"line":1405},"188":{"loc":{"start":{"line":1406,"column":2},"end":{"line":1406,"column":38}},"type":"if","locations":[{"start":{"line":1406,"column":2},"end":{"line":1406,"column":38}},{"start":{"line":1406,"column":2},"end":{"line":1406,"column":38}}],"line":1406}},"s":{"0":1,"1":1,"2":1,"3":1,"4":1,"5":1,"6":1,"7":1,"8":1,"9":1,"10":1,"11":1,"12":1,"13":147,"14":147,"15":147,"16":147,"17":32,"18":147,"19":294,"20":147,"21":147,"22":133,"23":133,"24":1,"25":1,"26":136,"27":118,"28":118,"29":118,"30":1,"31":4,"32":1,"33":4,"34":1,"35":3,"36":3,"37":1,"38":1,"39":1,"40":1,"41":2,"42":2,"43":2,"44":1,"45":1,"46":1,"47":2,"48":2,"49":36,"50":36,"51":34,"52":34,"53":34,"54":34,"55":2,"56":2,"57":2,"58":2,"59":2,"60":2,"61":2,"62":2,"63":2,"64":2,"65":1,"66":1,"67":1,"68":1,"69":4,"70":4,"71":1,"72":25,"73":2,"74":23,"75":23,"76":6,"77":19,"78":19,"79":19,"80":19,"81":18,"82":18,"83":18,"84":1,"85":18,"86":18,"87":18,"88":18,"89":2,"90":2,"91":1,"92":16,"93":0,"94":16,"95":16,"96":16,"97":6,"98":6,"99":6,"100":16,"101":16,"102":14,"103":14,"104":14,"105":14,"106":10,"107":1,"108":9,"109":9,"110":7,"111":8,"112":6,"113":2,"114":2,"115":2,"116":12,"117":2,"118":11,"119":11,"120":14,"121":9,"122":16,"123":16,"124":16,"125":1,"126":15,"127":15,"128":14,"129":10,"130":14,"131":8,"132":14,"133":0,"134":14,"135":14,"136":6,"137":6,"138":6,"139":6,"140":6,"141":6,"142":6,"143":6,"144":2,"145":2,"146":2,"147":6,"148":6,"149":2,"150":2,"151":2,"152":1,"153":1,"154":2,"155":1,"156":2,"157":7,"158":7,"159":7,"160":1,"161":6,"162":0,"163":6,"164":4,"165":6,"166":1,"167":5,"168":5,"169":6,"170":6,"171":6,"172":6,"173":6,"174":6,"175":6,"176":5,"177":6,"178":9,"179":3,"180":6,"181":6,"182":6,"183":6,"184":3,"185":3,"186":6,"187":6,"188":3,"189":3,"190":9,"191":9,"192":3,"193":6,"194":6,"195":6,"196":6,"197":3,"198":3,"199":6,"200":6,"201":6,"202":3,"203":3,"204":15,"205":3,"206":12,"207":6,"208":6,"209":6,"210":15,"211":15,"212":3,"213":12,"214":6,"215":6,"216":6,"217":6,"218":18,"219":6,"220":12,"221":12,"222":12,"223":12,"224":6,"225":6,"226":12,"227":12,"228":6,"229":6,"230":18,"231":18,"232":6,"233":12,"234":12,"235":12,"236":12,"237":6,"238":6,"239":12,"240":12,"241":12,"242":6,"243":6,"244":50,"245":7,"246":43,"247":26,"248":26,"249":26,"250":53,"251":53,"252":7,"253":46,"254":26,"255":19,"256":19,"257":0,"258":0,"259":0,"260":0,"261":25,"262":25,"263":0,"264":0,"265":10,"266":2,"267":10,"268":10,"269":2,"270":10,"271":5,"272":5,"273":0,"274":0,"275":0,"276":0,"277":0,"278":0,"279":0,"280":0,"281":1,"282":1,"283":134,"284":163,"285":163,"286":162,"287":133,"288":19,"289":0,"290":19,"291":19,"292":16,"293":2,"294":14,"295":34,"296":15,"297":10,"298":5,"299":5,"300":0,"301":25,"302":0,"303":15,"304":1,"305":14,"306":5,"307":12,"308":12,"309":19,"310":12,"311":9,"312":14,"313":0,"314":14,"315":28,"316":6,"317":376,"318":376,"319":100,"320":276,"321":1,"322":1,"323":1,"324":1,"325":1,"326":1,"327":4,"328":4,"329":2,"330":2,"331":0,"332":2,"333":42,"334":0,"335":7,"336":7,"337":7,"338":7,"339":1,"340":79,"341":19,"342":19,"343":19,"344":18,"345":17,"346":1,"347":1,"348":2,"349":2,"350":2,"351":2,"352":2,"353":0,"354":2,"355":2,"356":2,"357":0,"358":0,"359":0,"360":2,"361":2,"362":2,"363":2,"364":15,"365":10,"366":5,"367":5,"368":9,"369":9,"370":0,"371":63,"372":5,"373":163,"374":162,"375":163,"376":1,"377":118,"378":142,"379":161,"380":161,"381":1,"382":160,"383":2,"384":50,"385":50,"386":13,"387":1,"388":1,"389":14,"390":1,"391":13,"392":2,"393":11,"394":1,"395":10,"396":10,"397":1,"398":1,"399":9,"400":10,"401":10,"402":9,"403":1,"404":1,"405":15,"406":15,"407":1,"408":14,"409":14,"410":14,"411":14,"412":14,"413":8,"414":5,"415":3,"416":8,"417":4,"418":6,"419":3,"420":3,"421":14,"422":89,"423":86,"424":57,"425":52,"426":91,"427":91,"428":91,"429":5,"430":5,"431":86,"432":57,"433":57,"434":57,"435":57,"436":5,"437":52,"438":52,"439":29,"440":24,"441":5,"442":76,"443":63,"444":5,"445":58,"446":11,"447":11,"448":47,"449":1,"450":46,"451":0,"452":46,"453":62,"454":14,"455":5,"456":5,"457":5,"458":3,"459":3,"460":3,"461":3,"462":3,"463":3,"464":14,"465":1,"466":1,"467":1,"468":2,"469":1,"470":16,"471":16,"472":16,"473":16,"474":16,"475":5,"476":11,"477":5,"478":6,"479":3,"480":3,"481":3,"482":3,"483":2,"484":16,"485":9,"486":16,"487":24,"488":24,"489":4,"490":20,"491":20,"492":16,"493":4,"494":20,"495":20,"496":4,"497":16,"498":16,"499":16,"500":4,"501":12,"502":12,"503":5,"504":5,"505":12,"506":24,"507":12,"508":8,"509":29,"510":29,"511":37,"512":37,"513":37,"514":29,"515":8,"516":8,"517":8,"518":8,"519":29,"520":8,"521":8,"522":5,"523":5,"524":5,"525":5,"526":5,"527":0,"528":0,"529":0,"530":0,"531":5,"532":8,"533":21,"534":29,"535":29,"536":29,"537":29,"538":21,"539":21,"540":8,"541":8,"542":8,"543":8,"544":58,"545":58,"546":58,"547":58,"548":58,"549":58,"550":58,"551":69,"552":69,"553":69,"554":68,"555":1,"556":1,"557":1,"558":1,"559":12,"560":12,"561":15,"562":13,"563":15,"564":6,"565":15,"566":7,"567":8,"568":8,"569":8,"570":8,"571":8,"572":12,"573":15,"574":12,"575":12,"576":0,"577":12,"578":12,"579":12,"580":12,"581":69,"582":69,"583":55,"584":69,"585":12,"586":10,"587":2,"588":1,"589":1,"590":1,"591":6,"592":5,"593":2,"594":6,"595":6,"596":2,"597":4,"598":3,"599":1,"600":1,"601":0,"602":1,"603":1,"604":0,"605":1,"606":1,"607":0,"608":1,"609":5,"610":3,"611":2,"612":2,"613":2,"614":1,"615":1,"616":1,"617":0,"618":1,"619":12,"620":0,"621":0,"622":0,"623":0,"624":12,"625":3,"626":1,"627":93,"628":93,"629":93,"630":93,"631":3,"632":90,"633":4,"634":86,"635":7,"636":7,"637":6,"638":5,"639":79,"640":4,"641":4,"642":4,"643":75,"644":33,"645":33,"646":42,"647":73,"648":17,"649":4,"650":67,"651":67,"652":67,"653":0,"654":67,"655":185,"656":117,"657":68,"658":21,"659":6,"660":15,"661":7,"662":8,"663":5,"664":3,"665":3,"666":0,"667":36},"f":{"0":147,"1":294,"2":133,"3":1,"4":136,"5":1,"6":4,"7":1,"8":4,"9":1,"10":3,"11":3,"12":1,"13":1,"14":2,"15":2,"16":1,"17":2,"18":36,"19":2,"20":2,"21":4,"22":4,"23":25,"24":2,"25":2,"26":16,"27":10,"28":12,"29":2,"30":11,"31":14,"32":16,"33":6,"34":6,"35":2,"36":6,"37":2,"38":1,"39":2,"40":2,"41":7,"42":4,"43":6,"44":9,"45":6,"46":9,"47":9,"48":3,"49":3,"50":6,"51":6,"52":15,"53":6,"54":15,"55":15,"56":6,"57":6,"58":18,"59":12,"60":18,"61":18,"62":6,"63":6,"64":12,"65":12,"66":50,"67":53,"68":53,"69":19,"70":0,"71":0,"72":25,"73":0,"74":10,"75":5,"76":0,"77":0,"78":0,"79":0,"80":134,"81":163,"82":133,"83":19,"84":16,"85":34,"86":15,"87":25,"88":15,"89":12,"90":19,"91":12,"92":28,"93":6,"94":376,"95":4,"96":4,"97":42,"98":7,"99":79,"100":19,"101":2,"102":15,"103":9,"104":63,"105":163,"106":162,"107":118,"108":142,"109":161,"110":2,"111":50,"112":14,"113":15,"114":14,"115":89,"116":91,"117":14,"118":1,"119":2,"120":1,"121":16,"122":24,"123":20,"124":20,"125":16,"126":5,"127":12,"128":24,"129":12,"130":8,"131":29,"132":37,"133":29,"134":8,"135":5,"136":8,"137":21,"138":29,"139":21,"140":8,"141":58,"142":69,"143":1,"144":12,"145":15,"146":15,"147":69,"148":12,"149":6,"150":6,"151":4,"152":5,"153":12,"154":3,"155":1,"156":93,"157":17,"158":67,"159":185,"160":21,"161":36},"b":{"0":[29],"1":[29],"2":[32,115],"3":[133],"4":[1],"5":[2],"6":[1,1],"7":[2,23],"8":[25,25,25,25],"9":[6,17],"10":[1,17],"11":[0,16],"12":[16,16,16,16,10],"13":[6,10],"14":[1,9],"15":[7,2],"16":[6,2],"17":[16],"18":[1,15],"19":[10,4],"20":[8,6],"21":[0,14],"22":[14,4],"23":[6,4],"24":[6,5],"25":[2,4],"26":[2,2],"27":[2,2],"28":[2,2],"29":[7,1],"30":[1,6],"31":[7,6,6],"32":[0,6],"33":[2,4],"34":[1,5],"35":[5,1],"36":[9],"37":[3,6],"38":[9,6,6],"39":[3,3],"40":[9],"41":[3,6],"42":[9,6,6],"43":[3,3],"44":[9],"45":[3,12],"46":[15,12,12],"47":[9],"48":[3,12],"49":[15,12,12],"50":[17],"51":[6,12],"52":[18,12],"53":[6,6],"54":[17],"55":[6,12],"56":[18,12],"57":[6,6],"58":[31],"59":[7,43],"60":[50,43],"61":[33],"62":[7,46],"63":[53,46],"64":[2,8],"65":[2,8],"66":[29],"67":[0,19],"68":[19,19,19,16,19],"69":[16,3],"70":[2,14],"71":[16,16,16,16],"72":[3,6,10,5,0],"73":[0,25],"74":[1,14],"75":[5,9],"76":[0,14],"77":[28,2],"78":[2,2],"79":[0,2],"80":[0,42],"81":[42,42,42,42],"82":[7,7],"83":[1,6],"84":[18,1],"85":[19,18],"86":[17,1],"87":[18,17],"88":[0,2],"89":[2,0,0],"90":[2,0],"91":[2,0],"92":[10,5],"93":[15,5],"94":[0,9],"95":[5,58],"96":[162,162,161,161],"97":[1,162],"98":[1,160],"99":[13,37],"100":[1,13],"101":[2,11],"102":[13,11],"103":[1,10],"104":[11,2],"105":[1,9],"106":[9,1],"107":[1,0],"108":[1,14],"109":[9,5],"110":[7,7],"111":[7,5],"112":[8,6],"113":[5,3],"114":[4,4],"115":[3,3],"116":[91,68],"117":[5,86],"118":[91,86],"119":[57,29],"120":[5,52],"121":[24,5],"122":[5,58],"123":[11,47],"124":[1,46],"125":[47,1],"126":[0,46],"127":[46,43],"128":[5,3,3,3],"129":[0,1],"130":[1,0],"131":[1,0],"132":[0,0],"133":[2,2],"134":[5,11],"135":[5,6],"136":[3,3],"137":[2,1],"138":[9,7],"139":[16,11],"140":[4,20],"141":[24,20],"142":[16,4],"143":[4,16],"144":[4,12],"145":[12,2],"146":[5,0],"147":[5,0,0],"148":[68,1],"149":[13,2],"150":[15,13],"151":[6,9],"152":[15,13],"153":[7,8],"154":[8,0],"155":[0,12],"156":[55,14],"157":[10,2],"158":[1,1],"159":[3,1],"160":[0,1],"161":[0,1],"162":[1,1,1],"163":[0,1],"164":[3,2],"165":[1,1],"166":[0,1],"167":[0,12],"168":[3,1],"169":[93,45,42],"170":[3,90],"171":[93,45],"172":[4,86],"173":[90,84,15],"174":[7,79],"175":[4,75],"176":[33,42],"177":[5,68],"178":[22,46],"179":[4,42],"180":[4,13],"181":[17,15],"182":[0,67],"183":[117,68],"184":[68,54],"185":[6,15],"186":[7,8],"187":[5,3],"188":[3,0]},"_coverageSchema":"1a1c01bbd47fc00a2c39e90264f33305004495a9","hash":"d9a9bcca16ccdb8d9e5b8e7155fe86265e9ae73f","contentHash":"523010fda10dcb01358186b39e83f74e78ed0b2216597c3c26efe6065575192c"}}